client/src/pages/submissions.tsx(43,37): error TS2339: Property 'filter' does not exist on type '{}'.
client/src/pages/workflow-management.tsx(51,64): error TS2345: Argument of type '{ method: string; body: string; }' is not assignable to parameter of type 'string'.
client/src/pages/workflow-management.tsx(77,64): error TS2345: Argument of type '{ method: string; }' is not assignable to parameter of type 'string'.
client/src/pages/workflow-management.tsx(289,37): error TS18046: 'suspendedWorkflows' is of type 'unknown'.
client/src/pages/workflow-management.tsx(296,14): error TS18046: 'suspendedWorkflows' is of type 'unknown'.
client/src/pages/workflow-management.tsx(304,18): error TS18046: 'suspendedWorkflows' is of type 'unknown'.
server/repositories/BaseRepository.ts(78,42): error TS2352: Conversion of type 'TTable' to type 'Record<string, AnyPgColumn>' may be a mistake because neither type sufficiently overlaps with the other. If this was intentional, convert the expression to 'unknown' first.
  Type 'PgTable<Required<{ name: string; columns: Record<string, PgColumn<ColumnBaseConfig<ColumnDataType, string>, {}, {}>>; dialect: string; schema: string | undefined; }>>' is not comparable to type 'Record<string, AnyPgColumn>'.
    Index signature for type 'string' is missing in type 'PgTable<Required<{ name: string; columns: Record<string, PgColumn<ColumnBaseConfig<ColumnDataType, string>, {}, {}>>; dialect: string; schema: string | undefined; }>>'.
server/repositories/BaseRepository.ts(88,13): error TS2345: Argument of type 'TTable' is not assignable to parameter of type 'TableLikeHasEmptySelection<TTable> extends true ? DrizzleTypeError<"Cannot reference a data-modifying statement subquery if it doesn't contain a `returning` clause"> : TTable'.
  Type 'PgTable<Required<{ name: string; columns: Record<string, PgColumn<ColumnBaseConfig<ColumnDataType, string>, {}, {}>>; dialect: string; schema: string | undefined; }>>' is not assignable to type 'TableLikeHasEmptySelection<TTable> extends true ? DrizzleTypeError<"Cannot reference a data-modifying statement subquery if it doesn't contain a `returning` clause"> : TTable'.
server/repositories/BaseRepository.ts(91,5): error TS2322: Type '{ [K in keyof { [Key in keyof GetSelectTableSelection<TTable>]: SelectResultField<GetSelectTableSelection<TTable>[Key], true>; }]: { [Key in keyof GetSelectTableSelection<...>]: SelectResultField<...>; }[K]; }' is not assignable to type 'TSelect'.
  '{ [K in keyof { [Key in keyof GetSelectTableSelection<TTable>]: SelectResultField<GetSelectTableSelection<TTable>[Key], true>; }]: { [Key in keyof GetSelectTableSelection<...>]: SelectResultField<...>; }[K]; }' is assignable to the constraint of type 'TSelect', but 'TSelect' could be instantiated with a different subtype of constraint '{ [K in keyof { [Key in keyof TTable["_"]["columns"] & string as Key]: TTable["_"]["columns"][Key]["_"]["notNull"] extends true ? TTable["_"]["columns"][Key]["_"]["data"] : TTable["_"]["columns"][Key]["_"]["data"] | null; }]: { [Key in keyof TTable["_"]["columns"] & string as Key]: TTable["_"]["columns"][Key]["_"]["...'.
server/repositories/BaseRepository.ts(98,34): error TS2345: Argument of type 'TTable' is not assignable to parameter of type 'TableLikeHasEmptySelection<TTable> extends true ? DrizzleTypeError<"Cannot reference a data-modifying statement subquery if it doesn't contain a `returning` clause"> : TTable'.
  Type 'PgTable<Required<{ name: string; columns: Record<string, PgColumn<ColumnBaseConfig<ColumnDataType, string>, {}, {}>>; dialect: string; schema: string | undefined; }>>' is not assignable to type 'TableLikeHasEmptySelection<TTable> extends true ? DrizzleTypeError<"Cannot reference a data-modifying statement subquery if it doesn't contain a `returning` clause"> : TTable'.
server/repositories/BaseRepository.ts(101,7): error TS2740: Type 'Omit<PgSelectBase<(string | undefined) & GetSelectTableName<TTable>, Assume<GetSelectTableSelection<TTable>, ColumnsSelection>, ... 5 more ..., Assume<...>>, "where">' is missing the following properties from type 'PgSelectBase<GetSelectTableName<TTable>, GetSelectTableSelection<TTable>, "single", GetSelectTableName<TTable> extends string ? Record<...> : {}, false, never, { [K in keyof { [Key in keyof GetSelectTableSelection<...>]: SelectResultField<...>; }]: { [Key in keyof GetSelectTableSelection<...>]: SelectResultField<......': config, joinsNotNullableMap, tableName, isPartialSelect, and 5 more.
server/repositories/BaseRepository.ts(105,28): error TS2352: Conversion of type 'TTable' to type 'Record<string, AnyPgColumn | undefined>' may be a mistake because neither type sufficiently overlaps with the other. If this was intentional, convert the expression to 'unknown' first.
  Type 'PgTable<Required<{ name: string; columns: Record<string, PgColumn<ColumnBaseConfig<ColumnDataType, string>, {}, {}>>; dialect: string; schema: string | undefined; }>>' is not comparable to type 'Record<string, AnyPgColumn | undefined>'.
    Index signature for type 'string' is missing in type 'PgTable<Required<{ name: string; columns: Record<string, PgColumn<ColumnBaseConfig<ColumnDataType, string>, {}, {}>>; dialect: string; schema: string | undefined; }>>'.
server/repositories/BaseRepository.ts(111,9): error TS2740: Type 'Omit<PgSelectBase<(string | undefined) & GetSelectTableName<TTable>, Assume<GetSelectTableSelection<TTable>, ColumnsSelection>, ... 5 more ..., Assume<...>>, "orderBy">' is missing the following properties from type 'PgSelectBase<GetSelectTableName<TTable>, GetSelectTableSelection<TTable>, "single", GetSelectTableName<TTable> extends string ? Record<...> : {}, false, never, { [K in keyof { [Key in keyof GetSelectTableSelection<...>]: SelectResultField<...>; }]: { [Key in keyof GetSelectTableSelection<...>]: SelectResultField<......': config, joinsNotNullableMap, tableName, isPartialSelect, and 5 more.
server/repositories/BaseRepository.ts(118,7): error TS2740: Type 'Omit<PgSelectBase<(string | undefined) & GetSelectTableName<TTable>, Assume<GetSelectTableSelection<TTable>, ColumnsSelection>, ... 5 more ..., Assume<...>>, "limit">' is missing the following properties from type 'PgSelectBase<GetSelectTableName<TTable>, GetSelectTableSelection<TTable>, "single", GetSelectTableName<TTable> extends string ? Record<...> : {}, false, never, { [K in keyof { [Key in keyof GetSelectTableSelection<...>]: SelectResultField<...>; }]: { [Key in keyof GetSelectTableSelection<...>]: SelectResultField<......': config, joinsNotNullableMap, tableName, isPartialSelect, and 5 more.
server/repositories/BaseRepository.ts(122,7): error TS2740: Type 'Omit<PgSelectBase<(string | undefined) & GetSelectTableName<TTable>, Assume<GetSelectTableSelection<TTable>, ColumnsSelection>, ... 5 more ..., Assume<...>>, "offset">' is missing the following properties from type 'PgSelectBase<GetSelectTableName<TTable>, GetSelectTableSelection<TTable>, "single", GetSelectTableName<TTable> extends string ? Record<...> : {}, false, never, { [K in keyof { [Key in keyof GetSelectTableSelection<...>]: SelectResultField<...>; }]: { [Key in keyof GetSelectTableSelection<...>]: SelectResultField<......': config, joinsNotNullableMap, tableName, isPartialSelect, and 5 more.
server/repositories/BaseRepository.ts(125,5): error TS2322: Type '{ [K in keyof { [Key in keyof GetSelectTableSelection<TTable>]: SelectResultField<GetSelectTableSelection<TTable>[Key], true>; }]: { [Key in keyof GetSelectTableSelection<...>]: SelectResultField<...>; }[K]; }[]' is not assignable to type 'TSelect[]'.
  Type '{ [K in keyof { [Key in keyof GetSelectTableSelection<TTable>]: SelectResultField<GetSelectTableSelection<TTable>[Key], true>; }]: { [Key in keyof GetSelectTableSelection<...>]: SelectResultField<...>; }[K]; }' is not assignable to type 'TSelect'.
    '{ [K in keyof { [Key in keyof GetSelectTableSelection<TTable>]: SelectResultField<GetSelectTableSelection<TTable>[Key], true>; }]: { [Key in keyof GetSelectTableSelection<...>]: SelectResultField<...>; }[K]; }' is assignable to the constraint of type 'TSelect', but 'TSelect' could be instantiated with a different subtype of constraint '{ [K in keyof { [Key in keyof TTable["_"]["columns"] & string as Key]: TTable["_"]["columns"][Key]["_"]["notNull"] extends true ? TTable["_"]["columns"][Key]["_"]["data"] : TTable["_"]["columns"][Key]["_"]["data"] | null; }]: { [Key in keyof TTable["_"]["columns"] & string as Key]: TTable["_"]["columns"][Key]["_"]["...'.
server/repositories/BaseRepository.ts(147,5): error TS2322: Type '{ [x: string]: unknown; }' is not assignable to type 'TSelect'.
  'TSelect' could be instantiated with an arbitrary type which could be unrelated to '{ [x: string]: unknown; }'.
server/repositories/BaseRepository.ts(154,5): error TS2322: Type 'TTable["$inferSelect"] extends undefined ? QueryResult<never> : TTable["$inferSelect"][]' is not assignable to type 'TSelect[]'.
  Type '{ [x: string]: unknown; }[]' is not assignable to type 'TSelect[]'.
    Type '{ [x: string]: unknown; }' is not assignable to type 'TSelect'.
      'TSelect' could be instantiated with an arbitrary type which could be unrelated to '{ [x: string]: unknown; }'.
server/repositories/BaseRepository.ts(164,11): error TS2488: Type 'SelectPartialResult<GetSelectTableSelection<TTable>, Record<TTable["_"]["name"], "not-null">> extends undefined ? QueryResult<...> : SelectPartialResult<...>[]' must have a '[Symbol.iterator]()' method that returns an iterator.
server/repositories/BaseRepository.ts(177,12): error TS18047: 'result.rowCount' is possibly 'null'.
server/repositories/BaseRepository.ts(184,26): error TS2352: Conversion of type 'TTable' to type 'Record<string, AnyPgColumn | undefined>' may be a mistake because neither type sufficiently overlaps with the other. If this was intentional, convert the expression to 'unknown' first.
  Type 'PgTable<Required<{ name: string; columns: Record<string, PgColumn<ColumnBaseConfig<ColumnDataType, string>, {}, {}>>; dialect: string; schema: string | undefined; }>>' is not comparable to type 'Record<string, AnyPgColumn | undefined>'.
    Index signature for type 'string' is missing in type 'PgTable<Required<{ name: string; columns: Record<string, PgColumn<ColumnBaseConfig<ColumnDataType, string>, {}, {}>>; dialect: string; schema: string | undefined; }>>'.
server/repositories/BaseRepository.ts(196,11): error TS2488: Type 'SelectPartialResult<GetSelectTableSelection<TTable>, Record<TTable["_"]["name"], "not-null">> extends undefined ? QueryResult<...> : SelectPartialResult<...>[]' must have a '[Symbol.iterator]()' method that returns an iterator.
server/repositories/BaseRepository.ts(210,13): error TS2345: Argument of type 'TTable' is not assignable to parameter of type 'TableLikeHasEmptySelection<TTable> extends true ? DrizzleTypeError<"Cannot reference a data-modifying statement subquery if it doesn't contain a `returning` clause"> : TTable'.
  Type 'PgTable<Required<{ name: string; columns: Record<string, PgColumn<ColumnBaseConfig<ColumnDataType, string>, {}, {}>>; dialect: string; schema: string | undefined; }>>' is not assignable to type 'TableLikeHasEmptySelection<TTable> extends true ? DrizzleTypeError<"Cannot reference a data-modifying statement subquery if it doesn't contain a `returning` clause"> : TTable'.
server/repositories/BaseRepository.ts(220,52): error TS2345: Argument of type 'TTable' is not assignable to parameter of type 'TableLikeHasEmptySelection<TTable> extends true ? DrizzleTypeError<"Cannot reference a data-modifying statement subquery if it doesn't contain a `returning` clause"> : TTable'.
  Type 'PgTable<Required<{ name: string; columns: Record<string, PgColumn<ColumnBaseConfig<ColumnDataType, string>, {}, {}>>; dialect: string; schema: string | undefined; }>>' is not assignable to type 'TableLikeHasEmptySelection<TTable> extends true ? DrizzleTypeError<"Cannot reference a data-modifying statement subquery if it doesn't contain a `returning` clause"> : TTable'.
server/repositories/BaseRepository.ts(223,7): error TS2740: Type 'Omit<PgSelectBase<(string | undefined) & GetSelectTableName<TTable>, { count: SQL<number>; }, "partial", Assume<GetSelectTableName<TTable> extends string ? Record<...> : {}, Record<...>>, false, "where", SelectPartialResult<...>[], { ...; }>, "where">' is missing the following properties from type 'PgSelectBase<GetSelectTableName<TTable>, { count: SQL<number>; }, "partial", GetSelectTableName<TTable> extends string ? Record<...> : {}, false, never, SelectPartialResult<...>[], { ...; }>': config, joinsNotNullableMap, tableName, isPartialSelect, and 5 more.
server/repositories/BaseRepository.ts(234,26): error TS2352: Conversion of type 'TTable' to type 'Record<string, AnyPgColumn | undefined>' may be a mistake because neither type sufficiently overlaps with the other. If this was intentional, convert the expression to 'unknown' first.
  Type 'PgTable<Required<{ name: string; columns: Record<string, PgColumn<ColumnBaseConfig<ColumnDataType, string>, {}, {}>>; dialect: string; schema: string | undefined; }>>' is not comparable to type 'Record<string, AnyPgColumn | undefined>'.
    Index signature for type 'string' is missing in type 'PgTable<Required<{ name: string; columns: Record<string, PgColumn<ColumnBaseConfig<ColumnDataType, string>, {}, {}>>; dialect: string; schema: string | undefined; }>>'.
server/repositories/BaseRepository.ts(237,5): error TS2322: Type '{ [K in keyof { [Key in keyof GetSelectTableSelection<TTable>]: SelectResultField<GetSelectTableSelection<TTable>[Key], true>; }]: { [Key in keyof GetSelectTableSelection<...>]: SelectResultField<...>; }[K]; }[]' is not assignable to type 'TSelect[]'.
  Type '{ [K in keyof { [Key in keyof GetSelectTableSelection<TTable>]: SelectResultField<GetSelectTableSelection<TTable>[Key], true>; }]: { [Key in keyof GetSelectTableSelection<...>]: SelectResultField<...>; }[K]; }' is not assignable to type 'TSelect'.
    '{ [K in keyof { [Key in keyof GetSelectTableSelection<TTable>]: SelectResultField<GetSelectTableSelection<TTable>[Key], true>; }]: { [Key in keyof GetSelectTableSelection<...>]: SelectResultField<...>; }[K]; }' is assignable to the constraint of type 'TSelect', but 'TSelect' could be instantiated with a different subtype of constraint '{ [K in keyof { [Key in keyof TTable["_"]["columns"] & string as Key]: TTable["_"]["columns"][Key]["_"]["notNull"] extends true ? TTable["_"]["columns"][Key]["_"]["data"] : TTable["_"]["columns"][Key]["_"]["data"] | null; }]: { [Key in keyof TTable["_"]["columns"] & string as Key]: TTable["_"]["columns"][Key]["_"]["...'.
server/repositories/BaseRepository.ts(237,35): error TS2345: Argument of type 'TTable' is not assignable to parameter of type 'TableLikeHasEmptySelection<TTable> extends true ? DrizzleTypeError<"Cannot reference a data-modifying statement subquery if it doesn't contain a `returning` clause"> : TTable'.
  Type 'PgTable<Required<{ name: string; columns: Record<string, PgColumn<ColumnBaseConfig<ColumnDataType, string>, {}, {}>>; dialect: string; schema: string | undefined; }>>' is not assignable to type 'TableLikeHasEmptySelection<TTable> extends true ? DrizzleTypeError<"Cannot reference a data-modifying statement subquery if it doesn't contain a `returning` clause"> : TTable'.
server/repositories/BaseRepository.ts(237,56): error TS2769: No overload matches this call.
  Overload 1 of 3, '(left: Column<ColumnBaseConfig<ColumnDataType, string>, object, object>, right: unknown): SQL<unknown>', gave the following error.
    Argument of type 'AnyPgColumn | undefined' is not assignable to parameter of type 'Column<ColumnBaseConfig<ColumnDataType, string>, object, object>'.
      Type 'undefined' is not assignable to type 'Column<ColumnBaseConfig<ColumnDataType, string>, object, object>'.
  Overload 2 of 3, '(left: Aliased<unknown>, right: unknown): SQL<unknown>', gave the following error.
    Argument of type 'AnyPgColumn | undefined' is not assignable to parameter of type 'Aliased<unknown>'.
      Type 'undefined' is not assignable to type 'Aliased<unknown>'.
  Overload 3 of 3, '(left: SQLWrapper, right: unknown): SQL<unknown>', gave the following error.
    Argument of type 'AnyPgColumn | undefined' is not assignable to parameter of type 'SQLWrapper'.
      Type 'undefined' is not assignable to type 'SQLWrapper'.
server/repositories/BaseRepository.ts(247,26): error TS2352: Conversion of type 'TTable' to type 'Record<string, AnyPgColumn | undefined>' may be a mistake because neither type sufficiently overlaps with the other. If this was intentional, convert the expression to 'unknown' first.
  Type 'PgTable<Required<{ name: string; columns: Record<string, PgColumn<ColumnBaseConfig<ColumnDataType, string>, {}, {}>>; dialect: string; schema: string | undefined; }>>' is not comparable to type 'Record<string, AnyPgColumn | undefined>'.
    Index signature for type 'string' is missing in type 'PgTable<Required<{ name: string; columns: Record<string, PgColumn<ColumnBaseConfig<ColumnDataType, string>, {}, {}>>; dialect: string; schema: string | undefined; }>>'.
server/repositories/BaseRepository.ts(252,13): error TS2345: Argument of type 'TTable' is not assignable to parameter of type 'TableLikeHasEmptySelection<TTable> extends true ? DrizzleTypeError<"Cannot reference a data-modifying statement subquery if it doesn't contain a `returning` clause"> : TTable'.
  Type 'PgTable<Required<{ name: string; columns: Record<string, PgColumn<ColumnBaseConfig<ColumnDataType, string>, {}, {}>>; dialect: string; schema: string | undefined; }>>' is not assignable to type 'TableLikeHasEmptySelection<TTable> extends true ? DrizzleTypeError<"Cannot reference a data-modifying statement subquery if it doesn't contain a `returning` clause"> : TTable'.
server/repositories/BaseRepository.ts(253,17): error TS2769: No overload matches this call.
  Overload 1 of 3, '(left: Column<ColumnBaseConfig<ColumnDataType, string>, object, object>, right: unknown): SQL<unknown>', gave the following error.
    Argument of type 'AnyPgColumn | undefined' is not assignable to parameter of type 'Column<ColumnBaseConfig<ColumnDataType, string>, object, object>'.
      Type 'undefined' is not assignable to type 'Column<ColumnBaseConfig<ColumnDataType, string>, object, object>'.
  Overload 2 of 3, '(left: Aliased<unknown>, right: unknown): SQL<unknown>', gave the following error.
    Argument of type 'AnyPgColumn | undefined' is not assignable to parameter of type 'Aliased<unknown>'.
      Type 'undefined' is not assignable to type 'Aliased<unknown>'.
  Overload 3 of 3, '(left: SQLWrapper, right: unknown): SQL<unknown>', gave the following error.
    Argument of type 'AnyPgColumn | undefined' is not assignable to parameter of type 'SQLWrapper'.
      Type 'undefined' is not assignable to type 'SQLWrapper'.
server/repositories/BaseRepository.ts(255,5): error TS2322: Type '{ [K in keyof { [Key in keyof GetSelectTableSelection<TTable>]: SelectResultField<GetSelectTableSelection<TTable>[Key], true>; }]: { [Key in keyof GetSelectTableSelection<...>]: SelectResultField<...>; }[K]; }' is not assignable to type 'TSelect'.
  '{ [K in keyof { [Key in keyof GetSelectTableSelection<TTable>]: SelectResultField<GetSelectTableSelection<TTable>[Key], true>; }]: { [Key in keyof GetSelectTableSelection<...>]: SelectResultField<...>; }[K]; }' is assignable to the constraint of type 'TSelect', but 'TSelect' could be instantiated with a different subtype of constraint '{ [K in keyof { [Key in keyof TTable["_"]["columns"] & string as Key]: TTable["_"]["columns"][Key]["_"]["notNull"] extends true ? TTable["_"]["columns"][Key]["_"]["data"] : TTable["_"]["columns"][Key]["_"]["data"] | null; }]: { [Key in keyof TTable["_"]["columns"] & string as Key]: TTable["_"]["columns"][Key]["_"]["...'.
server/repositories/BaseRepository.ts(265,52): error TS2554: Expected 1 arguments, but got 2.
server/repositories/BaseRepository.ts(283,33): error TS2345: Argument of type '(tx: NeonDatabase<typeof import("/Users/mgunnin/Developer/08_Clients/ibyte/rfpagent/shared/schema")> & { $client: Pool; }) => Promise<T>' is not assignable to parameter of type '(tx: PgTransaction<NeonQueryResultHKT, typeof import("/Users/mgunnin/Developer/08_Clients/ibyte/rfpagent/shared/schema"), ExtractTablesWithRelations<typeof import("/Users/mgunnin/Developer/08_Clients/ibyte/rfpagent/shared/schema")>>) => Promise<...>'.
  Types of parameters 'tx' and 'tx' are incompatible.
    Type 'PgTransaction<NeonQueryResultHKT, typeof import("/Users/mgunnin/Developer/08_Clients/ibyte/rfpagent/shared/schema"), ExtractTablesWithRelations<typeof import("/Users/mgunnin/Developer/08_Clients/ibyte/rfpagent/shared/schema")>>' is not assignable to type 'NeonDatabase<typeof import("/Users/mgunnin/Developer/08_Clients/ibyte/rfpagent/shared/schema")> & { $client: Pool; }'.
      Property '$client' is missing in type 'PgTransaction<NeonQueryResultHKT, typeof import("/Users/mgunnin/Developer/08_Clients/ibyte/rfpagent/shared/schema"), ExtractTablesWithRelations<typeof import("/Users/mgunnin/Developer/08_Clients/ibyte/rfpagent/shared/schema")>>' but required in type '{ $client: Pool; }'.
server/repositories/index.ts(22,16): error TS2304: Cannot find name 'repositories'.
server/repositories/PortalRepository.ts(82,7): error TS2322: Type '{ id: string; name: string; url: string; status: string; loginRequired: boolean; lastScanned: Date | null; createdAt: Date; }[]' is not assignable to type '{ id: string; name: string; status: string; url: string; password: string | null; username: string | null; createdAt: Date; loginRequired: boolean; lastScanned: Date | null; scanFrequency: number; ... 5 more ...; updatedAt: Date; }[]'.
  Type '{ id: string; name: string; url: string; status: string; loginRequired: boolean; lastScanned: Date | null; createdAt: Date; }' is missing the following properties from type '{ id: string; name: string; status: string; url: string; password: string | null; username: string | null; createdAt: Date; loginRequired: boolean; lastScanned: Date | null; scanFrequency: number; ... 5 more ...; updatedAt: Date; }': password, username, scanFrequency, maxRfpsPerScan, and 5 more.
server/repositories/PortalRepository.ts(84,7): error TS2322: Type '{ id: string; name: string; url: string; status: string; loginRequired: boolean; lastScanned: Date | null; createdAt: Date; }[]' is not assignable to type '{ id: string; name: string; status: string; url: string; password: string | null; username: string | null; createdAt: Date; loginRequired: boolean; lastScanned: Date | null; scanFrequency: number; ... 5 more ...; updatedAt: Date; }[]'.
  Type '{ id: string; name: string; url: string; status: string; loginRequired: boolean; lastScanned: Date | null; createdAt: Date; }' is missing the following properties from type '{ id: string; name: string; status: string; url: string; password: string | null; username: string | null; createdAt: Date; loginRequired: boolean; lastScanned: Date | null; scanFrequency: number; ... 5 more ...; updatedAt: Date; }': password, username, scanFrequency, maxRfpsPerScan, and 5 more.
server/repositories/PortalRepository.ts(137,36): error TS2353: Object literal may only specify known properties, and 'lastScanned' does not exist in type 'Partial<{ name: string; url: string; status?: string | undefined; password?: string | null | undefined; username?: string | null | undefined; loginRequired?: boolean | undefined; scanFrequency?: number | undefined; ... 4 more ...; errorCount?: number | undefined; }>'.
server/repositories/PortalRepository.ts(185,21): error TS18046: 'stats' is of type 'unknown'.
server/repositories/PortalRepository.ts(186,22): error TS18046: 'stats' is of type 'unknown'.
server/repositories/PortalRepository.ts(187,24): error TS18046: 'stats' is of type 'unknown'.
server/repositories/PortalRepository.ts(188,28): error TS18046: 'stats' is of type 'unknown'.
server/repositories/PortalRepository.ts(189,31): error TS18046: 'stats' is of type 'unknown'.
server/repositories/PortalRepository.ts(233,19): error TS2339: Property 'rowCount' does not exist on type 'unknown[]'.
server/repositories/PortalRepository.ts(269,17): error TS18046: 'summary' is of type 'unknown'.
server/repositories/PortalRepository.ts(270,26): error TS18046: 'summary' is of type 'unknown'.
server/repositories/PortalRepository.ts(271,31): error TS18046: 'summary' is of type 'unknown'.
server/repositories/PortalRepository.ts(272,17): error TS18046: 'summary' is of type 'unknown'.
server/repositories/PortalRepository.ts(273,24): error TS18046: 'summary' is of type 'unknown'.
server/repositories/PortalRepository.ts(274,18): error TS18046: 'summary' is of type 'unknown'.
server/repositories/RepositoryManager.ts(37,11): error TS2564: Property '_userRepository' has no initializer and is not definitely assigned in the constructor.
server/repositories/RepositoryManager.ts(38,11): error TS2564: Property '_portalRepository' has no initializer and is not definitely assigned in the constructor.
server/repositories/RepositoryManager.ts(39,11): error TS2564: Property '_rfpRepository' has no initializer and is not definitely assigned in the constructor.
server/repositories/RepositoryManager.ts(221,21): error TS1064: The return type of an async function or method must be the global Promise<T> type. Did you mean to write 'Promise<void>'?
server/repositories/RepositoryManager.ts(237,14): error TS7022: 'repositories' implicitly has type 'any' because it does not have a type annotation and is referenced directly or indirectly in its own initializer.
server/repositories/RepositoryTestExample.ts(128,51): error TS7006: Parameter 'repos' implicitly has an 'any' type.
server/repositories/RFPRepository.ts(65,34): error TS2339: Property 'category' does not exist on type 'PgTableWithColumns<{ name: "rfps"; schema: undefined; columns: { id: PgColumn<{ name: "id"; tableName: "rfps"; dataType: "string"; columnType: "PgVarchar"; data: string; driverParam: string; notNull: true; hasDefault: true; ... 6 more ...; generated: undefined; }, {}, { ...; }>; ... 15 more ...; updatedAt: PgColumn<...'.
server/repositories/RFPRepository.ts(76,46): error TS2345: Argument of type 'PgColumn<{ name: "id"; tableName: "rfps"; dataType: "string"; columnType: "PgVarchar"; data: string; driverParam: string; notNull: true; hasDefault: true; isPrimaryKey: true; isAutoincrement: false; ... 4 more ...; generated: undefined; }, {}, { ...; }> | ... 21 more ... | (() => Omit<...>)' is not assignable to parameter of type 'SQLWrapper | AnyColumn'.
  Type '() => SQL<unknown>' is not assignable to type 'SQLWrapper | AnyColumn'.
server/repositories/RFPRepository.ts(76,60): error TS2345: Argument of type 'PgColumn<{ name: "id"; tableName: "rfps"; dataType: "string"; columnType: "PgVarchar"; data: string; driverParam: string; notNull: true; hasDefault: true; isPrimaryKey: true; isAutoincrement: false; ... 4 more ...; generated: undefined; }, {}, { ...; }> | ... 21 more ... | (() => Omit<...>)' is not assignable to parameter of type 'SQLWrapper | AnyColumn'.
  Type '() => SQL<unknown>' is not assignable to type 'SQLWrapper | AnyColumn'.
server/repositories/RFPRepository.ts(81,39): error TS2339: Property 'createdAt' does not exist on type 'PgTableWithColumns<{ name: "rfps"; schema: undefined; columns: { id: PgColumn<{ name: "id"; tableName: "rfps"; dataType: "string"; columnType: "PgVarchar"; data: string; driverParam: string; notNull: true; hasDefault: true; ... 6 more ...; generated: undefined; }, {}, { ...; }>; ... 15 more ...; updatedAt: PgColumn<...'.
server/repositories/RFPRepository.ts(165,42): error TS2339: Property 'createdAt' does not exist on type 'PgTableWithColumns<{ name: "rfps"; schema: undefined; columns: { id: PgColumn<{ name: "id"; tableName: "rfps"; dataType: "string"; columnType: "PgVarchar"; data: string; driverParam: string; notNull: true; hasDefault: true; ... 6 more ...; generated: undefined; }, {}, { ...; }>; ... 15 more ...; updatedAt: PgColumn<...'.
server/repositories/RFPRepository.ts(235,21): error TS18046: 'stats' is of type 'unknown'.
server/repositories/RFPRepository.ts(236,22): error TS18046: 'stats' is of type 'unknown'.
server/repositories/RFPRepository.ts(237,23): error TS18046: 'stats' is of type 'unknown'.
server/repositories/RFPRepository.ts(238,21): error TS18046: 'stats' is of type 'unknown'.
server/repositories/RFPRepository.ts(239,25): error TS18046: 'stats' is of type 'unknown'.
server/repositories/RFPRepository.ts(240,24): error TS18046: 'stats' is of type 'unknown'.
server/repositories/RFPRepository.ts(241,18): error TS18046: 'stats' is of type 'unknown'.
server/repositories/RFPRepository.ts(300,29): error TS18046: 'r' is of type 'unknown'.
server/repositories/RFPRepository.ts(315,29): error TS18046: 'r' is of type 'unknown'.
server/repositories/RFPRepository.ts(352,19): error TS2339: Property 'rowCount' does not exist on type 'unknown[]'.
server/repositories/StorageMigrationAdapter.ts(39,14): error TS2420: Class 'StorageMigrationAdapter' incorrectly implements interface 'IStorage'.
  Type 'StorageMigrationAdapter' is missing the following properties from type 'IStorage': deleteProposal, getSubmissionByProposal, getAllNotifications, getUnreadNotifications, and 157 more.
server/repositories/StorageMigrationAdapter.ts(85,63): error TS2345: Argument of type 'Partial<{ status: string; url: string; id: string; username: string | null; password: string | null; name: string; createdAt: Date; loginRequired: boolean; lastScanned: Date | null; ... 6 more ...; updatedAt: Date; }>' is not assignable to parameter of type 'Partial<{ url: string; name: string; status?: string | undefined; username?: string | null | undefined; password?: string | null | undefined; loginRequired?: boolean | undefined; scanFrequency?: number | undefined; ... 4 more ...; errorCount?: number | undefined; }>'.
  Types of property 'selectors' are incompatible.
    Type 'unknown' is not assignable to type 'Json | undefined'.
server/repositories/StorageMigrationAdapter.ts(130,60): error TS2345: Argument of type 'Partial<{ status: string; title: string; description: string | null; agency: string; deadline: Date | null; estimatedValue: string | null; id: string; updatedAt: Date; portalId: string | null; ... 7 more ...; discoveredAt: Date; }>' is not assignable to parameter of type 'Partial<{ title: string; agency: string; sourceUrl: string; status?: string | undefined; description?: string | null | undefined; deadline?: Date | null | undefined; estimatedValue?: string | null | undefined; ... 6 more ...; manuallyAddedAt?: Date | ... 1 more ... | undefined; }>'.
  Types of property 'requirements' are incompatible.
    Type 'unknown' is not assignable to type 'Json | undefined'.
server/repositories/UserRepository.ts(28,33): error TS2345: Argument of type '"email"' is not assignable to parameter of type '"id" | "password" | "username" | "createdAt" | "enableRLS" | keyof PgTable<{ name: "users"; schema: undefined; columns: { id: PgColumn<{ name: "id"; tableName: "users"; dataType: "string"; columnType: "PgVarchar"; ... 10 more ...; generated: undefined; }, {}, { ...; }>; username: PgColumn<...>; password: PgColumn<.....'.
server/repositories/UserRepository.ts(52,7): error TS2353: Object literal may only specify known properties, and 'lastLoginAt' does not exist in type 'Partial<{ password: string; username: string; }>'.
server/repositories/UserRepository.ts(61,7): error TS2353: Object literal may only specify known properties, and 'isActive' does not exist in type 'Partial<{ password: string; username: string; }>'.
server/repositories/UserRepository.ts(71,7): error TS2353: Object literal may only specify known properties, and 'isActive' does not exist in type 'Partial<{ password: string; username: string; }>'.
server/repositories/UserRepository.ts(79,30): error TS2345: Argument of type '"isActive"' is not assignable to parameter of type '"id" | "password" | "username" | "createdAt" | "enableRLS" | keyof PgTable<{ name: "users"; schema: undefined; columns: { id: PgColumn<{ name: "id"; tableName: "users"; dataType: "string"; columnType: "PgVarchar"; ... 10 more ...; generated: undefined; }, {}, { ...; }>; username: PgColumn<...>; password: PgColumn<.....'.
server/routes/agents.routes.ts(13,53): error TS2339: Property 'getAgentActivity' does not exist on type 'AIAgentOrchestrator'.
server/routes/agents.routes.ts(27,58): error TS2339: Property 'getPerformanceMetrics' does not exist on type 'AIAgentOrchestrator'.
server/routes/agents.routes.ts(43,33): error TS2339: Property 'getCoordinationStatus' does not exist on type 'AIAgentOrchestrator'.
server/routes/agents.routes.ts(56,54): error TS2551: Property 'getAllAgents' does not exist on type 'AgentRegistryService'. Did you mean 'getAgent'?
server/routes/agents.routes.ts(71,49): error TS2339: Property 'getWorkItems' does not exist on type 'WorkflowCoordinator'.
server/routes/ai.routes.ts(364,38): error TS2339: Property 'processQuery' does not exist on type 'AIService'.
server/routes/ai.routes.ts(397,36): error TS2339: Property 'executeSuggestion' does not exist on type 'AIService'.
server/routes/ai.routes.ts(450,41): error TS2551: Property 'getAllAiConversations' does not exist on type 'DatabaseStorage'. Did you mean 'getAiConversations'?
server/routes/ai.routes.ts(476,19): error TS2551: Property 'deleteConversationMessages' does not exist on type 'DatabaseStorage'. Did you mean 'getConversationMessages'?
server/routes/ai.routes.ts(496,7): error TS2345: Argument of type 'number' is not assignable to parameter of type 'string'.
server/routes/compliance.routes.ts(12,55): error TS2339: Property 'getComplianceStatus' does not exist on type 'ComplianceIntegrationService'.
server/routes/compliance.routes.ts(27,42): error TS2339: Property 'processRfpCompliance' does not exist on type 'ComplianceIntegrationService'.
server/routes/compliance.routes.ts(42,42): error TS2339: Property 'batchProcessCompliance' does not exist on type 'ComplianceIntegrationService'.
server/routes/compliance.routes.ts(67,36): error TS2341: Property 'formatComplianceData' is private and only accessible within class 'ComplianceIntegrationService'.
server/routes/compliance.routes.ts(81,55): error TS2339: Property 'processRfpCompliance' does not exist on type 'ComplianceIntegrationService'.
server/routes/discovery.routes.ts(61,33): error TS2339: Property 'sequences' does not exist on type 'DiscoveryWorkflowResult'.
server/routes/discovery.routes.ts(62,33): error TS2339: Property 'workItems' does not exist on type 'DiscoveryWorkflowResult'.
server/routes/metrics.routes.ts(12,55): error TS2339: Property 'getWorkflowMetrics' does not exist on type 'WorkflowCoordinator'.
server/routes/metrics.routes.ts(26,41): error TS2339: Property 'getSystemHealth' does not exist on type 'AIAgentOrchestrator'.
server/routes/metrics.routes.ts(27,44): error TS2339: Property 'getSystemHealth' does not exist on type 'WorkflowCoordinator'.
server/routes/middleware/auth.ts(2,17): error TS2307: Cannot find module 'jsonwebtoken' or its corresponding type declarations.
server/routes/middleware/auth.ts(98,49): error TS18046: 'error' is of type 'unknown'.
server/routes/middleware/rateLimiting.ts(24,23): error TS2339: Property 'rateLimit' does not exist on type 'Request<ParamsDictionary, any, any, ParsedQs, Record<string, any>>'.
server/routes/middleware/validation.ts(95,46): error TS2339: Property 'merge' does not exist on type 'ZodType<any, ZodTypeDef, any>'.
server/routes/middleware/validation.ts(106,14): error TS2339: Property 'file' does not exist on type 'Request<ParamsDictionary, any, any, ParsedQs, Record<string, any>>'.
server/routes/middleware/validation.ts(106,27): error TS2339: Property 'files' does not exist on type 'Request<ParamsDictionary, any, any, ParsedQs, Record<string, any>>'.
server/routes/middleware/validation.ts(114,11): error TS2339: Property 'file' does not exist on type 'Request<ParamsDictionary, any, any, ParsedQs, Record<string, any>>'.
server/routes/middleware/validation.ts(114,38): error TS2339: Property 'files' does not exist on type 'Request<ParamsDictionary, any, any, ParsedQs, Record<string, any>>'.
server/routes/middleware/validation.ts(114,51): error TS2339: Property 'files' does not exist on type 'Request<ParamsDictionary, any, any, ParsedQs, Record<string, any>>'.
server/routes/middleware/validation.ts(114,66): error TS2339: Property 'files' does not exist on type 'Request<ParamsDictionary, any, any, ParsedQs, Record<string, any>>'.
server/routes/portals.routes.ts(11,33): error TS2554: Expected 1 arguments, but got 0.
server/routes/portals.routes.ts(12,32): error TS2554: Expected 2 arguments, but got 0.
server/routes/proposals.routes.ts(127,8): error TS2339: Property 'startPipeline' does not exist on type 'ProposalGenerationOrchestrator'.
server/routes/proposals.routes.ts(134,14): error TS7006: Parameter 'error' implicitly has an 'any' type.
server/routes/proposals.routes.ts(167,8): error TS2339: Property 'generateProposal' does not exist on type 'AIProposalService'.
server/routes/proposals.routes.ts(173,14): error TS7006: Parameter 'error' implicitly has an 'any' type.
server/routes/proposals.routes.ts(223,7): error TS2353: Object literal may only specify known properties, and 'approvedBy' does not exist in type 'Partial<{ status: string; content: unknown; id: string; updatedAt: Date; rfpId: string; narratives: unknown; pricingTables: unknown; forms: unknown; attachments: unknown; proposalData: unknown; estimatedCost: string | null; estimatedMargin: string | null; generatedAt: Date; }>'.
server/routes/safla-monitoring.ts(156,57): error TS2345: Argument of type '"manual_trigger"' is not assignable to parameter of type '"nightly" | "weekly" | "triggered" | undefined'.
server/routes/submissions.routes.ts(452,25): error TS2352: Conversion of type 'number' to type 'string' may be a mistake because neither type sufficiently overlaps with the other. If this was intentional, convert the expression to 'unknown' first.
server/routes/submissions.routes.ts(453,26): error TS2352: Conversion of type 'number' to type 'string' may be a mistake because neither type sufficiently overlaps with the other. If this was intentional, convert the expression to 'unknown' first.
server/routes/system.routes.ts(16,32): error TS2554: Expected 2 arguments, but got 0.
server/routes/workflows.routes.ts(17,34): error TS2339: Property 'getSuspendedWorkflows' does not exist on type 'MastraWorkflowEngine'.
server/routes/workflows.routes.ts(57,47): error TS2339: Property 'getWorkflowStatus' does not exist on type 'MastraWorkflowEngine'.
server/routes/workflows.routes.ts(86,34): error TS2339: Property 'executeDocumentProcessingWorkflow' does not exist on type 'MastraWorkflowEngine'.
server/routes/workflows.routes.ts(125,34): error TS2339: Property 'executeRfpDiscoveryWorkflow' does not exist on type 'MastraWorkflowEngine'.
server/routes/workflows.routes.ts(162,44): error TS2339: Property 'generateProposal' does not exist on type 'ProposalGenerationOrchestrator'.
server/routes/workflows.routes.ts(190,49): error TS2339: Property 'getWorkflowDetails' does not exist on type 'MastraWorkflowEngine'.
server/routes/workflows.routes.ts(211,47): error TS2551: Property 'suspendWorkflow' does not exist on type 'MastraWorkflowEngine'. Did you mean 'pauseWorkflow'?
server/routes/workflows.routes.ts(299,53): error TS2551: Property 'getRfpWorkflowState' does not exist on type 'WorkflowCoordinator'. Did you mean 'getWorkflowStatus'?
server/routes/workflows.routes.ts(326,46): error TS2339: Property 'transitionWorkflow' does not exist on type 'WorkflowCoordinator'.
server/scripts/testComplianceIntegration.ts(116,9): error TS18046: 'error' is of type 'unknown'.
server/scripts/testComplianceIntegration.ts(176,13): error TS18046: 'error' is of type 'unknown'.
server/scripts/testComplianceIntegration.ts(185,9): error TS18046: 'error' is of type 'unknown'.
server/scripts/testComplianceIntegration.ts(242,9): error TS18046: 'error' is of type 'unknown'.
server/scripts/testComplianceIntegration.ts(303,9): error TS18046: 'error' is of type 'unknown'.
server/scripts/testComplianceIntegration.ts(364,9): error TS18046: 'error' is of type 'unknown'.
server/services/adaptivePortalNavigator.ts(868,9): error TS2552: Cannot find name 'adaptation'. Did you mean '_adaptation'?
server/services/adaptivePortalNavigator.ts(869,21): error TS2552: Cannot find name 'strategy'. Did you mean '_strategy'?
server/services/adaptivePortalNavigator.ts(869,46): error TS2552: Cannot find name 'adaptation'. Did you mean '_adaptation'?
server/services/adaptivePortalNavigator.ts(871,9): error TS2552: Cannot find name 'adaptation'. Did you mean '_adaptation'?
server/services/adaptivePortalNavigator.ts(872,7): error TS2552: Cannot find name 'strategy'. Did you mean '_strategy'?
server/services/adaptivePortalNavigator.ts(872,53): error TS2552: Cannot find name 'adaptation'. Did you mean '_adaptation'?
server/services/agentRegistryService.ts(45,7): error TS2353: Object literal may only specify known properties, and 'lastHeartbeat' does not exist in type '{ agentId: string; role: string; tier: string; displayName: string; capabilities: string[]; status?: string | undefined; description?: string | null | undefined; tools?: string[] | null | undefined; maxConcurrency?: number | undefined; version?: string | undefined; configuration?: Json | undefined; parentAgentId?: s...'.
server/services/aiAgentOrchestrator.ts(1115,9): error TS2322: Type '"user_interaction"' is not assignable to type '"episodic" | "semantic" | "procedural" | "working"'.
server/services/aiAgentOrchestrator.ts(1141,11): error TS2322: Type '"search_pattern"' is not assignable to type '"episodic" | "semantic" | "procedural" | "working"'.
server/services/analysisOrchestrator.ts(545,37): error TS2551: Property 'assignWorkItemToAgent' does not exist on type 'WorkflowCoordinator'. Did you mean 'assignWorkItem'?
server/services/analysisOrchestrator.ts(582,54): error TS2339: Property 'sequenceId' does not exist on type '{}'.
server/services/analysisOrchestrator.ts(617,39): error TS2551: Property 'assignWorkItemToAgent' does not exist on type 'WorkflowCoordinator'. Did you mean 'assignWorkItem'?
server/services/analysisOrchestrator.ts(648,35): error TS2339: Property 'sequenceId' does not exist on type '{}'.
server/services/analysisOrchestrator.ts(700,28): error TS2339: Property 'sequenceId' does not exist on type '{}'.
server/services/analysisSpecialists.ts(76,55): error TS18046: 'workItem.inputs' is of type 'unknown'.
server/services/analysisSpecialists.ts(79,26): error TS18046: 'workItem.inputs' is of type 'unknown'.
server/services/analysisSpecialists.ts(112,18): error TS18046: 'workItem.inputs' is of type 'unknown'.
server/services/analysisSpecialists.ts(138,16): error TS18046: 'error' is of type 'unknown'.
server/services/analysisSpecialists.ts(152,51): error TS18046: 'workItem.inputs' is of type 'unknown'.
server/services/analysisSpecialists.ts(155,26): error TS18046: 'workItem.inputs' is of type 'unknown'.
server/services/analysisSpecialists.ts(156,32): error TS18046: 'workItem.inputs' is of type 'unknown'.
server/services/analysisSpecialists.ts(157,28): error TS18046: 'workItem.inputs' is of type 'unknown'.
server/services/analysisSpecialists.ts(202,18): error TS18046: 'workItem.inputs' is of type 'unknown'.
server/services/analysisSpecialists.ts(229,16): error TS18046: 'error' is of type 'unknown'.
server/services/analysisSpecialists.ts(274,28): error TS2339: Property 'stat' does not exist on type 'File'.
server/services/analysisSpecialists.ts(274,46): error TS2339: Property 'stat' does not exist on type 'File'.
server/services/analysisSpecialists.ts(310,39): error TS18046: 'error' is of type 'unknown'.
server/services/analysisSpecialists.ts(315,18): error TS18046: 'error' is of type 'unknown'.
server/services/analysisSpecialists.ts(389,56): error TS18046: 'workItem.inputs' is of type 'unknown'.
server/services/analysisSpecialists.ts(392,26): error TS18046: 'workItem.inputs' is of type 'unknown'.
server/services/analysisSpecialists.ts(393,21): error TS18046: 'workItem.inputs' is of type 'unknown'.
server/services/analysisSpecialists.ts(394,31): error TS18046: 'workItem.inputs' is of type 'unknown'.
server/services/analysisSpecialists.ts(462,16): error TS18046: 'error' is of type 'unknown'.
server/services/analysisSpecialists.ts(540,48): error TS18046: 'workItem.inputs' is of type 'unknown'.
server/services/analysisSpecialists.ts(543,21): error TS18046: 'workItem.inputs' is of type 'unknown'.
server/services/analysisSpecialists.ts(544,27): error TS18046: 'workItem.inputs' is of type 'unknown'.
server/services/analysisSpecialists.ts(545,29): error TS18046: 'workItem.inputs' is of type 'unknown'.
server/services/analysisSpecialists.ts(612,16): error TS18046: 'error' is of type 'unknown'.
server/services/austinFinanceDocumentScraper.ts(208,38): error TS2554: Expected 0 arguments, but got 1.
server/services/austinFinanceDocumentScraper.ts(242,50): error TS2339: Property 'getUploadUrl' does not exist on type 'ObjectStorageService'.
server/services/discoveryManager.ts(77,15): error TS2339: Property 'portalId' does not exist on type 'unknown'.
server/services/discoveryManager.ts(77,25): error TS2339: Property 'scanId' does not exist on type 'unknown'.
server/services/discoveryManager.ts(77,33): error TS2339: Property 'sequenceId' does not exist on type 'unknown'.
server/services/discoveryManager.ts(152,57): error TS18046: 'error' is of type 'unknown'.
server/services/discoveryManager.ts(156,39): error TS18046: 'error' is of type 'unknown'.
server/services/discoveryManager.ts(180,33): error TS2551: Property 'completeWorkItem' does not exist on type 'WorkflowCoordinator'. Did you mean 'createWorkItem'?
server/services/discoveryManager.ts(220,33): error TS2339: Property 'failWorkItem' does not exist on type 'WorkflowCoordinator'.
server/services/discoveryManager.ts(220,59): error TS18046: 'error' is of type 'unknown'.
server/services/discoveryManager.ts(223,15): error TS2339: Property 'sequenceId' does not exist on type 'unknown'.
server/services/discoveryManager.ts(226,29): error TS18046: 'error' is of type 'unknown'.
server/services/discoveryManager.ts(231,9): error TS18046: 'workItem.inputs' is of type 'unknown'.
server/services/discoveryManager.ts(233,35): error TS18046: 'error' is of type 'unknown'.
server/services/discoveryManager.ts(246,15): error TS2339: Property 'portalId' does not exist on type 'unknown'.
server/services/discoveryManager.ts(246,25): error TS2339: Property 'scanId' does not exist on type 'unknown'.
server/services/discoveryManager.ts(246,33): error TS2339: Property 'sequenceId' does not exist on type 'unknown'.
server/services/discoveryManager.ts(319,35): error TS2551: Property 'completeWorkItem' does not exist on type 'WorkflowCoordinator'. Did you mean 'createWorkItem'?
server/services/discoveryManager.ts(354,49): error TS18046: 'error' is of type 'unknown'.
server/services/discoveryManager.ts(358,39): error TS18046: 'error' is of type 'unknown'.
server/services/discoveryManager.ts(369,33): error TS2339: Property 'failWorkItem' does not exist on type 'WorkflowCoordinator'.
server/services/discoveryManager.ts(369,59): error TS18046: 'error' is of type 'unknown'.
server/services/discoveryManager.ts(372,15): error TS2339: Property 'sequenceId' does not exist on type 'unknown'.
server/services/discoveryManager.ts(375,29): error TS18046: 'error' is of type 'unknown'.
server/services/discoveryManager.ts(380,9): error TS18046: 'workItem.inputs' is of type 'unknown'.
server/services/discoveryManager.ts(382,29): error TS18046: 'error' is of type 'unknown'.
server/services/discoveryManager.ts(395,15): error TS2339: Property 'portalId' does not exist on type 'unknown'.
server/services/discoveryManager.ts(395,25): error TS2339: Property 'scanId' does not exist on type 'unknown'.
server/services/discoveryManager.ts(395,33): error TS2339: Property 'sequenceId' does not exist on type 'unknown'.
server/services/discoveryManager.ts(460,34): error TS2352: Conversion of type '{ id: string; title: string; description: string; agency: string; portalId: string; sourceUrl: string; deadline: Date | undefined; estimatedValue: number | undefined; status: string; progress: number; addedBy: string; discoveredAt: Date; updatedAt: Date; }[]' to type '{ status: string; title: string; description: string | null; agency: string; deadline: Date | null; estimatedValue: string | null; id: string; updatedAt: Date; portalId: string | null; ... 7 more ...; discoveredAt: Date; }[]' may be a mistake because neither type sufficiently overlaps with the other. If this was intentional, convert the expression to 'unknown' first.
  Type '{ id: string; title: string; description: string; agency: string; portalId: string; sourceUrl: string; deadline: Date | undefined; estimatedValue: number | undefined; status: string; progress: number; addedBy: string; discoveredAt: Date; updatedAt: Date; }' is missing the following properties from type '{ status: string; title: string; description: string | null; agency: string; deadline: Date | null; estimatedValue: string | null; id: string; updatedAt: Date; portalId: string | null; ... 7 more ...; discoveredAt: Date; }': requirements, complianceItems, riskFlags, manuallyAddedAt
server/services/discoveryManager.ts(492,35): error TS2551: Property 'completeWorkItem' does not exist on type 'WorkflowCoordinator'. Did you mean 'createWorkItem'?
server/services/discoveryManager.ts(532,55): error TS18046: 'error' is of type 'unknown'.
server/services/discoveryManager.ts(536,37): error TS18046: 'error' is of type 'unknown'.
server/services/discoveryManager.ts(547,33): error TS2339: Property 'failWorkItem' does not exist on type 'WorkflowCoordinator'.
server/services/discoveryManager.ts(547,59): error TS18046: 'error' is of type 'unknown'.
server/services/discoveryManager.ts(550,15): error TS2339: Property 'sequenceId' does not exist on type 'unknown'.
server/services/discoveryManager.ts(553,29): error TS18046: 'error' is of type 'unknown'.
server/services/discoveryManager.ts(558,9): error TS18046: 'workItem.inputs' is of type 'unknown'.
server/services/discoveryManager.ts(560,35): error TS18046: 'error' is of type 'unknown'.
server/services/discoveryManager.ts(573,15): error TS2339: Property 'portalId' does not exist on type 'unknown'.
server/services/discoveryManager.ts(573,25): error TS2339: Property 'scanId' does not exist on type 'unknown'.
server/services/discoveryManager.ts(573,33): error TS2339: Property 'sequenceId' does not exist on type 'unknown'.
server/services/discoveryManager.ts(616,20): error TS18046: 'workItem.inputs' is of type 'unknown'.
server/services/discoveryManager.ts(646,29): error TS2551: Property 'getActiveScan' does not exist on type 'ScanManager'. Did you mean 'getActiveScans'?
server/services/discoveryManager.ts(663,35): error TS2551: Property 'completeWorkItem' does not exist on type 'WorkflowCoordinator'. Did you mean 'createWorkItem'?
server/services/discoveryManager.ts(703,57): error TS18046: 'error' is of type 'unknown'.
server/services/discoveryManager.ts(707,39): error TS18046: 'error' is of type 'unknown'.
server/services/discoveryManager.ts(718,33): error TS2339: Property 'failWorkItem' does not exist on type 'WorkflowCoordinator'.
server/services/discoveryManager.ts(718,59): error TS18046: 'error' is of type 'unknown'.
server/services/discoveryManager.ts(721,15): error TS2339: Property 'sequenceId' does not exist on type 'unknown'.
server/services/discoveryManager.ts(724,29): error TS18046: 'error' is of type 'unknown'.
server/services/discoveryManager.ts(730,9): error TS18046: 'workItem.inputs' is of type 'unknown'.
server/services/discoveryManager.ts(732,38): error TS18046: 'error' is of type 'unknown'.
server/services/discoveryOrchestrator.ts(281,13): error TS2554: Expected 1 arguments, but got 2.
server/services/discoveryOrchestrator.ts(329,16): error TS18046: 'error' is of type 'unknown'.
server/services/discoveryOrchestrator.ts(493,44): error TS2339: Property 'sequenceId' does not exist on type '{}'.
server/services/discoveryOrchestrator.ts(498,50): error TS2345: Argument of type 'string | null' is not assignable to parameter of type 'string'.
  Type 'null' is not assignable to type 'string'.
server/services/discoveryOrchestrator.ts(505,31): error TS18046: 'workItem.metadata' is of type 'unknown'.
server/services/discoveryOrchestrator.ts(508,63): error TS2339: Property 'sequenceId' does not exist on type '{}'.
server/services/discoveryOrchestrator.ts(518,11): error TS2345: Argument of type 'string | undefined' is not assignable to parameter of type 'string'.
  Type 'undefined' is not assignable to type 'string'.
server/services/discoveryOrchestrator.ts(526,11): error TS2345: Argument of type 'string | undefined' is not assignable to parameter of type 'string'.
  Type 'undefined' is not assignable to type 'string'.
server/services/discoveryOrchestrator.ts(534,11): error TS2345: Argument of type 'string | undefined' is not assignable to parameter of type 'string'.
  Type 'undefined' is not assignable to type 'string'.
server/services/discoveryOrchestrator.ts(542,34): error TS2345: Argument of type 'string | undefined' is not assignable to parameter of type 'string'.
  Type 'undefined' is not assignable to type 'string'.
server/services/discoveryOrchestrator.ts(554,13): error TS2554: Expected 1 arguments, but got 2.
server/services/documentParsingService.ts(113,61): error TS18046: 'error' is of type 'unknown'.
server/services/documentParsingService.ts(142,38): error TS7016: Could not find a declaration file for module 'pdf-parse'. '/Users/mgunnin/Developer/08_Clients/ibyte/rfpagent/node_modules/pdf-parse/index.js' implicitly has an 'any' type.
  Try `npm i --save-dev @types/pdf-parse` if it exists or add a new declaration (.d.ts) file containing `declare module 'pdf-parse';`
server/services/e2eTestOrchestrator.ts(511,28): error TS2339: Property 'analysisResults' does not exist on type '{ rfpId: string; filename: string; fileType: string; objectPath: string; extractedText: string; parsedData: { sections: string[]; requirements: string[]; keyDates: (Date | null)[]; analysisResults: { ...; }; }; }'.
server/services/e2eTestOrchestrator.ts(619,49): error TS2339: Property 'qualityScore' does not exist on type '{}'.
server/services/e2eTestOrchestrator.ts(1081,55): error TS2345: Argument of type '{ title: string; description: string; agency: string; portalId: string; sourceUrl: string; deadline: Date; estimatedValue: number; status: "discovered"; requirements: string[]; complianceItems: string[]; riskFlags: never[]; progress: number; }' is not assignable to parameter of type '{ title: string; agency: string; sourceUrl: string; status?: string | undefined; description?: string | null | undefined; deadline?: Date | null | undefined; estimatedValue?: string | null | undefined; ... 6 more ...; manuallyAddedAt?: Date | ... 1 more ... | undefined; }'.
  Types of property 'estimatedValue' are incompatible.
    Type 'number' is not assignable to type 'string'.
server/services/e2eTestOrchestrator.ts(1217,48): error TS2345: Argument of type '{ title: string; description: string; agency: string; portalId: string; sourceUrl: string; deadline: Date; estimatedValue: number; status: "discovered"; requirements: string[]; complianceItems: string[]; riskFlags: never[]; progress: number; }' is not assignable to parameter of type '{ title: string; agency: string; sourceUrl: string; status?: string | undefined; description?: string | null | undefined; deadline?: Date | null | undefined; estimatedValue?: string | null | undefined; ... 6 more ...; manuallyAddedAt?: Date | ... 1 more ... | undefined; }'.
  Types of property 'estimatedValue' are incompatible.
    Type 'number' is not assignable to type 'string'.
server/services/e2eTestOrchestrator.ts(1338,61): error TS2345: Argument of type '{ name: string; url: string; type: "government"; credentials: { username: string; password: string; }; scanFrequency: "daily"; isActive: boolean; }' is not assignable to parameter of type '{ url: string; name: string; status?: string | undefined; username?: string | null | undefined; password?: string | null | undefined; loginRequired?: boolean | undefined; scanFrequency?: number | undefined; ... 4 more ...; errorCount?: number | undefined; }'.
  Types of property 'scanFrequency' are incompatible.
    Type 'string' is not assignable to type 'number'.
server/services/enhancedProposalService.ts(172,11): error TS2353: Object literal may only specify known properties, and 'submitToPortal' does not exist in type '{ portalId: string; rfpId: string; proposalId: string; status?: string | undefined; submissionData?: Json | undefined; receiptData?: Json | undefined; }'.
server/services/enhancedProposalService.ts(220,13): error TS2353: Object literal may only specify known properties, and 'submissionId' does not exist in type 'Partial<{ status: string; content: unknown; id: string; updatedAt: Date; rfpId: string; narratives: unknown; pricingTables: unknown; forms: unknown; attachments: unknown; proposalData: unknown; estimatedCost: string | null; estimatedMargin: string | null; generatedAt: Date; }>'.
server/services/enhancedProposalService.ts(235,13): error TS2353: Object literal may only specify known properties, and 'error' does not exist in type 'Partial<{ status: string; id: string; createdAt: Date; portalId: string; rfpId: string; proposalId: string; submissionData: unknown; receiptData: unknown; submittedAt: Date | null; confirmedAt: Date | null; }>'.
server/services/enhancedProposalService.ts(272,7): error TS2353: Object literal may only specify known properties, and 'autoSubmissionResult' does not exist in type 'ProposalGenerationResult'.
server/services/enhancedProposalService.ts(550,11): error TS2345: Argument of type '{ profile: { id: string; companyName: string; dba: null; businessAddress: string; mailingAddress: string; phoneNumber: string; emailAddress: string; website: string; federalTaxId: string; dunsNumber: null; ... 7 more ...; updatedAt: Date; }; ... 4 more ...; socioEconomicQualifications: { ...; }; }' is not assignable to parameter of type 'CompanyDataMapping'.
  Types of property 'profile' are incompatible.
    Type '{ id: string; companyName: string; dba: null; businessAddress: string; mailingAddress: string; phoneNumber: string; emailAddress: string; website: string; federalTaxId: string; dunsNumber: null; ... 7 more ...; updatedAt: Date; }' is missing the following properties from type '{ id: string; createdAt: Date; updatedAt: Date; companyName: string; dba: string | null; website: string | null; primaryBusinessCategory: string | null; naicsPrimary: string | null; ... 4 more ...; isActive: boolean; }': naicsPrimary, nigpCodes, employeesCount, registrationState, and 2 more.
server/services/federalRfpSearchService.ts(289,15): error TS7006: Parameter 'result' implicitly has an 'any' type.
server/services/intelligentDocumentProcessor.ts(237,20): error TS18046: 'error' is of type 'unknown'.
server/services/intelligentDocumentProcessor.ts(264,16): error TS18046: 'error' is of type 'unknown'.
server/services/intelligentDocumentProcessor.ts(358,23): error TS18046: 'error' is of type 'unknown'.
server/services/intelligentDocumentProcessor.ts(468,34): error TS2345: Argument of type 'string' is not assignable to parameter of type 'never'.
server/services/intelligentDocumentProcessor.ts(479,34): error TS2345: Argument of type 'string' is not assignable to parameter of type 'never'.
server/services/intelligentDocumentProcessor.ts(490,34): error TS2345: Argument of type 'string' is not assignable to parameter of type 'never'.
server/services/intelligentDocumentProcessor.ts(534,9): error TS7053: Element implicitly has an 'any' type because expression of type 'string' can't be used to index type '{}'.
  No index signature with a parameter of type 'string' was found on type '{}'.
server/services/intelligentDocumentProcessor.ts(536,63): error TS18046: 'error' is of type 'unknown'.
server/services/intelligentDocumentProcessor.ts(537,9): error TS7053: Element implicitly has an 'any' type because expression of type 'string' can't be used to index type '{}'.
  No index signature with a parameter of type 'string' was found on type '{}'.
server/services/intelligentDocumentProcessor.ts(540,18): error TS18046: 'error' is of type 'unknown'.
server/services/intelligentDocumentProcessor.ts(570,58): error TS18046: 'error' is of type 'unknown'.
server/services/intelligentDocumentProcessor.ts(642,48): error TS18046: 'error' is of type 'unknown'.
server/services/intelligentDocumentProcessor.ts(682,51): error TS18046: 'error' is of type 'unknown'.
server/services/intelligentDocumentProcessor.ts(726,53): error TS18046: 'error' is of type 'unknown'.
server/services/intelligentDocumentProcessor.ts(777,9): error TS7053: Element implicitly has an 'any' type because expression of type 'string' can't be used to index type '{}'.
  No index signature with a parameter of type 'string' was found on type '{}'.
server/services/intelligentDocumentProcessor.ts(778,11): error TS18046: 'fieldData' is of type 'unknown'.
server/services/intelligentDocumentProcessor.ts(806,26): error TS2345: Argument of type '{ type: string; severity: string; }' is not assignable to parameter of type 'never'.
server/services/intelligentDocumentProcessor.ts(816,28): error TS2345: Argument of type '{ type: any; severity: "error" | "info" | "warning"; message: any; rule: string; }' is not assignable to parameter of type 'never'.
server/services/intelligentDocumentProcessor.ts(856,40): error TS18046: 'error' is of type 'unknown'.
server/services/intelligentDocumentProcessor.ts(881,13): error TS18046: 'error' is of type 'unknown'.
server/services/intelligentDocumentProcessor.ts(1136,47): error TS18046: 'error' is of type 'unknown'.
server/services/intelligentDocumentProcessor.ts(1166,46): error TS18046: 'error' is of type 'unknown'.
server/services/intelligentDocumentProcessor.ts(1235,11): error TS18046: 'fieldData' is of type 'unknown'.
server/services/intelligentDocumentProcessor.ts(1235,39): error TS18046: 'fieldData' is of type 'unknown'.
server/services/intelligentDocumentProcessor.ts(1237,28): error TS18046: 'fieldData' is of type 'unknown'.
server/services/intelligentDocumentProcessor.ts(1255,26): error TS18046: 'data' is of type 'unknown'.
server/services/intelligentDocumentProcessor.ts(1358,12): error TS7053: Element implicitly has an 'any' type because expression of type 'string' can't be used to index type '{ rfp_document: string[]; contract: string[]; technical_document: string[]; }'.
  No index signature with a parameter of type 'string' was found on type '{ rfp_document: string[]; contract: string[]; technical_document: string[]; }'.
server/services/intelligentDocumentProcessor.ts(1372,12): error TS7053: Element implicitly has an 'any' type because expression of type 'string' can't be used to index type '{ rfp_document: string[]; contract: string[]; technical_document: string[]; }'.
  No index signature with a parameter of type 'string' was found on type '{ rfp_document: string[]; contract: string[]; technical_document: string[]; }'.
server/services/intelligentDocumentProcessor.ts(1390,12): error TS7053: Element implicitly has an 'any' type because expression of type 'string' can't be used to index type '{ rfp_document: string[]; contract: string[]; technical_document: string[]; }'.
  No index signature with a parameter of type 'string' was found on type '{ rfp_document: string[]; contract: string[]; technical_document: string[]; }'.
server/services/intelligentDocumentProcessor.ts(1456,12): error TS7053: Element implicitly has an 'any' type because expression of type 'string' can't be used to index type '{ rfp_document: { rfp_number: { patterns: { type: string; pattern: string; weight: number; confidence: number; }[]; validationRules: { type: string; rule: string; severity: string; confidence: number; }[]; postProcessing: { ...; }[]; reliability: number; lastSuccessful: Date; }; deadline: { ...; }; }; }'.
  No index signature with a parameter of type 'string' was found on type '{ rfp_document: { rfp_number: { patterns: { type: string; pattern: string; weight: number; confidence: number; }[]; validationRules: { type: string; rule: string; severity: string; confidence: number; }[]; postProcessing: { ...; }[]; reliability: number; lastSuccessful: Date; }; deadline: { ...; }; }; }'.
server/services/intelligentDocumentProcessor.ts(1682,12): error TS7053: Element implicitly has an 'any' type because expression of type 'string' can't be used to index type '{}'.
  No index signature with a parameter of type 'string' was found on type '{}'.
server/services/intelligentDocumentProcessor.ts(1682,42): error TS7053: Element implicitly has an 'any' type because expression of type 'string' can't be used to index type '{}'.
  No index signature with a parameter of type 'string' was found on type '{}'.
server/services/intelligentDocumentProcessor.ts(1683,7): error TS7053: Element implicitly has an 'any' type because expression of type 'string' can't be used to index type '{}'.
  No index signature with a parameter of type 'string' was found on type '{}'.
server/services/intelligentDocumentProcessor.ts(1689,7): error TS7053: Element implicitly has an 'any' type because expression of type 'string' can't be used to index type '{}'.
  No index signature with a parameter of type 'string' was found on type '{}'.
server/services/intelligentDocumentProcessor.ts(1705,12): error TS7053: Element implicitly has an 'any' type because expression of type 'string' can't be used to index type '{}'.
  No index signature with a parameter of type 'string' was found on type '{}'.
server/services/intelligentDocumentProcessor.ts(1705,36): error TS7053: Element implicitly has an 'any' type because expression of type 'string' can't be used to index type '{}'.
  No index signature with a parameter of type 'string' was found on type '{}'.
server/services/intelligentDocumentProcessor.ts(1706,7): error TS7053: Element implicitly has an 'any' type because expression of type 'string' can't be used to index type '{}'.
  No index signature with a parameter of type 'string' was found on type '{}'.
server/services/intelligentDocumentProcessor.ts(1712,7): error TS7053: Element implicitly has an 'any' type because expression of type 'string' can't be used to index type '{}'.
  No index signature with a parameter of type 'string' was found on type '{}'.
server/services/intelligentDocumentProcessor.ts(1732,9): error TS7053: Element implicitly has an 'any' type because expression of type 'any' can't be used to index type '{}'.
server/services/intelligentDocumentProcessor.ts(1732,36): error TS7053: Element implicitly has an 'any' type because expression of type 'any' can't be used to index type '{}'.
server/services/intelligentDocumentProcessor.ts(1746,25): error TS18046: 'sum' is of type 'unknown'.
server/services/intelligentDocumentProcessor.ts(1750,46): error TS18046: 'b.frequency' is of type 'unknown'.
server/services/intelligentDocumentProcessor.ts(1750,60): error TS18046: 'a.frequency' is of type 'unknown'.
server/services/mastraScrapingService.ts(86,34): error TS2722: Cannot invoke an object which is possibly 'undefined'.
server/services/mastraScrapingService.ts(86,34): error TS18048: 'stagehandAuthTool.execute' is possibly 'undefined'.
server/services/mastraScrapingService.ts(86,60): error TS2345: Argument of type '{ context: { loginUrl: any; username: any; password: any; targetUrl: any; sessionId: any; portalType: any; }; }' is not assignable to parameter of type 'ToolExecutionContext<ZodObject<{ loginUrl: ZodString; username: ZodString; password: ZodString; targetUrl: ZodString; sessionId: ZodString; portalType: ZodOptional<...>; }, "strip", ZodTypeAny, { ...; }, { ...; }>>'.
  Property 'runtimeContext' is missing in type '{ context: { loginUrl: any; username: any; password: any; targetUrl: any; sessionId: any; portalType: any; }; }' but required in type 'ToolExecutionContext<ZodObject<{ loginUrl: ZodString; username: ZodString; password: ZodString; targetUrl: ZodString; sessionId: ZodString; portalType: ZodOptional<...>; }, "strip", ZodTypeAny, { ...; }, { ...; }>>'.
server/services/mastraScrapingService.ts(97,14): error TS18046: 'authResult' is of type 'unknown'.
server/services/mastraScrapingService.ts(99,39): error TS18046: 'authResult' is of type 'unknown'.
server/services/mastraScrapingService.ts(107,38): error TS2722: Cannot invoke an object which is possibly 'undefined'.
server/services/mastraScrapingService.ts(107,38): error TS18048: 'stagehandExtractTool.execute' is possibly 'undefined'.
server/services/mastraScrapingService.ts(107,67): error TS2345: Argument of type '{ context: { instruction: string; sessionId: any; schema: { opportunities: z.ZodArray<z.ZodObject<{ title: z.ZodString; description: z.ZodOptional<z.ZodString>; agency: z.ZodOptional<z.ZodString>; ... 4 more ...; confidence: z.ZodDefault<...>; }, "strip", z.ZodTypeAny, { ...; }, { ...; }>, "many">; }; }; }' is not assignable to parameter of type 'ToolExecutionContext<ZodObject<{ url: ZodOptional<ZodString>; instruction: ZodString; schema: ZodOptional<ZodRecord<ZodString, ZodAny>>; sessionId: ZodOptional<...>; }, "strip", ZodTypeAny, { ...; }, { ...; }>>'.
  Property 'runtimeContext' is missing in type '{ context: { instruction: string; sessionId: any; schema: { opportunities: z.ZodArray<z.ZodObject<{ title: z.ZodString; description: z.ZodOptional<z.ZodString>; agency: z.ZodOptional<z.ZodString>; ... 4 more ...; confidence: z.ZodDefault<...>; }, "strip", z.ZodTypeAny, { ...; }, { ...; }>, "many">; }; }; }' but required in type 'ToolExecutionContext<ZodObject<{ url: ZodOptional<ZodString>; instruction: ZodString; schema: ZodOptional<ZodRecord<ZodString, ZodAny>>; sessionId: ZodOptional<...>; }, "strip", ZodTypeAny, { ...; }, { ...; }>>'.
server/services/mastraScrapingService.ts(146,29): error TS18046: 'extractionResult' is of type 'unknown'.
server/services/mastraScrapingService.ts(188,32): error TS2722: Cannot invoke an object which is possibly 'undefined'.
server/services/mastraScrapingService.ts(188,32): error TS18048: 'stagehandAuthTool.execute' is possibly 'undefined'.
server/services/mastraScrapingService.ts(188,58): error TS2345: Argument of type '{ context: { loginUrl: any; username: any; password: any; targetUrl: any; sessionId: any; portalType: any; }; }' is not assignable to parameter of type 'ToolExecutionContext<ZodObject<{ loginUrl: ZodString; username: ZodString; password: ZodString; targetUrl: ZodString; sessionId: ZodString; portalType: ZodOptional<...>; }, "strip", ZodTypeAny, { ...; }, { ...; }>>'.
  Property 'runtimeContext' is missing in type '{ context: { loginUrl: any; username: any; password: any; targetUrl: any; sessionId: any; portalType: any; }; }' but required in type 'ToolExecutionContext<ZodObject<{ loginUrl: ZodString; username: ZodString; password: ZodString; targetUrl: ZodString; sessionId: ZodString; portalType: ZodOptional<...>; }, "strip", ZodTypeAny, { ...; }, { ...; }>>'.
server/services/mastraScrapingService.ts(199,11): error TS18046: 'authResult' is of type 'unknown'.
server/services/mastraScrapingService.ts(208,25): error TS18046: 'authResult' is of type 'unknown'.
server/services/mastraScrapingService.ts(228,13): error TS2722: Cannot invoke an object which is possibly 'undefined'.
server/services/mastraScrapingService.ts(228,38): error TS2345: Argument of type '{ context: { url: string; action: string; sessionId: string; }; }' is not assignable to parameter of type 'ToolExecutionContext<ZodObject<{ url: ZodOptional<ZodString>; action: ZodString; sessionId: ZodOptional<ZodString>; }, "strip", ZodTypeAny, { ...; }, { ...; }>>'.
  Property 'runtimeContext' is missing in type '{ context: { url: string; action: string; sessionId: string; }; }' but required in type 'ToolExecutionContext<ZodObject<{ url: ZodOptional<ZodString>; action: ZodString; sessionId: ZodOptional<ZodString>; }, "strip", ZodTypeAny, { ...; }, { ...; }>>'.
server/services/mastraScrapingService.ts(238,13): error TS2722: Cannot invoke an object which is possibly 'undefined'.
server/services/mastraScrapingService.ts(238,38): error TS2345: Argument of type '{ context: { action: string; sessionId: string; }; }' is not assignable to parameter of type 'ToolExecutionContext<ZodObject<{ url: ZodOptional<ZodString>; action: ZodString; sessionId: ZodOptional<ZodString>; }, "strip", ZodTypeAny, { ...; }, { ...; }>>'.
  Property 'runtimeContext' is missing in type '{ context: { action: string; sessionId: string; }; }' but required in type 'ToolExecutionContext<ZodObject<{ url: ZodOptional<ZodString>; action: ZodString; sessionId: ZodOptional<ZodString>; }, "strip", ZodTypeAny, { ...; }, { ...; }>>'.
server/services/mastraScrapingService.ts(247,38): error TS2722: Cannot invoke an object which is possibly 'undefined'.
server/services/mastraScrapingService.ts(247,38): error TS18048: 'stagehandExtractTool.execute' is possibly 'undefined'.
server/services/mastraScrapingService.ts(247,67): error TS2345: Argument of type '{ context: { instruction: string; sessionId: string; schema: { fullContent: z.ZodString; pageTitle: z.ZodString; opportunities: z.ZodOptional<z.ZodArray<z.ZodObject<{ title: z.ZodString; deadline: z.ZodOptional<z.ZodString>; ... 4 more ...; category: z.ZodOptional<...>; }, "strip", z.ZodTypeAny, { ...; }, { ...; }>,...' is not assignable to parameter of type 'ToolExecutionContext<ZodObject<{ url: ZodOptional<ZodString>; instruction: ZodString; schema: ZodOptional<ZodRecord<ZodString, ZodAny>>; sessionId: ZodOptional<...>; }, "strip", ZodTypeAny, { ...; }, { ...; }>>'.
  Property 'runtimeContext' is missing in type '{ context: { instruction: string; sessionId: string; schema: { fullContent: z.ZodString; pageTitle: z.ZodString; opportunities: z.ZodOptional<z.ZodArray<z.ZodObject<{ title: z.ZodString; deadline: z.ZodOptional<z.ZodString>; ... 4 more ...; category: z.ZodOptional<...>; }, "strip", z.ZodTypeAny, { ...; }, { ...; }>,...' but required in type 'ToolExecutionContext<ZodObject<{ url: ZodOptional<ZodString>; instruction: ZodString; schema: ZodOptional<ZodRecord<ZodString, ZodAny>>; sessionId: ZodOptional<...>; }, "strip", ZodTypeAny, { ...; }, { ...; }>>'.
server/services/mastraScrapingService.ts(292,15): error TS2339: Property 'data' does not exist on type 'unknown'.
server/services/mastraScrapingService.ts(303,34): error TS7006: Parameter 'opp' implicitly has an 'any' type.
server/services/mastraScrapingService.ts(574,55): error TS2345: Argument of type 'PublicPortal' is not assignable to parameter of type '{ status: string; url: string; id: string; username: string | null; password: string | null; name: string; createdAt: Date; loginRequired: boolean; lastScanned: Date | null; scanFrequency: number; ... 5 more ...; updatedAt: Date; }'.
  Type 'PublicPortal' is missing the following properties from type '{ status: string; url: string; id: string; username: string | null; password: string | null; name: string; createdAt: Date; loginRequired: boolean; lastScanned: Date | null; scanFrequency: number; ... 5 more ...; updatedAt: Date; }': username, password
server/services/mastraScrapingService.ts(637,15): error TS2345: Argument of type 'string | undefined' is not assignable to parameter of type 'string'.
  Type 'undefined' is not assignable to type 'string'.
server/services/mastraScrapingService.ts(641,44): error TS2339: Property 'documents' does not exist on type '{ id: string; filename: string; rfpId: string; fileType: string; objectPath: string; extractedText: string | null; parsedData: unknown; uploadedAt: Date; }[]'.
server/services/mastraScrapingService.ts(642,43): error TS2339: Property 'documents' does not exist on type '{ id: string; filename: string; rfpId: string; fileType: string; objectPath: string; extractedText: string | null; parsedData: unknown; uploadedAt: Date; }[]'.
server/services/mastraScrapingService.ts(744,40): error TS18048: 'existingRfp' is possibly 'undefined'.
server/services/mastraScrapingService.ts(745,51): error TS18048: 'existingRfp' is possibly 'undefined'.
server/services/mastraScrapingService.ts(747,15): error TS18048: 'existingRfp' is possibly 'undefined'.
server/services/mastraScrapingService.ts(751,15): error TS18048: 'existingRfp' is possibly 'undefined'.
server/services/mastraScrapingService.ts(753,43): error TS18048: 'existingRfp' is possibly 'undefined'.
server/services/mastraScrapingService.ts(755,41): error TS18048: 'existingRfp' is possibly 'undefined'.
server/services/mastraWorkflowEngine.ts(1139,11): error TS2698: Spread types may only be created from object types.
server/services/mastraWorkflowEngine.ts(1418,34): error TS2339: Property 'phase' does not exist on type '{}'.
server/services/mastraWorkflowEngine.ts(1514,30): error TS2554: Expected 1 arguments, but got 2.
server/services/mastraWorkflowEngine.ts(1527,30): error TS2554: Expected 1 arguments, but got 2.
server/services/mastraWorkflowEngine.ts(1541,30): error TS2554: Expected 1 arguments, but got 2.
server/services/mastraWorkflowEngine.ts(1554,30): error TS2554: Expected 1 arguments, but got 2.
server/services/mastraWorkflowEngine.ts(1568,30): error TS2554: Expected 1 arguments, but got 2.
server/services/mastraWorkflowEngine.ts(1581,30): error TS2554: Expected 1 arguments, but got 2.
server/services/notificationService.ts(171,35): error TS2339: Property 'confirmationNumber' does not exist on type '{}'.
server/services/persistentMemoryEngine.ts(258,36): error TS2551: Property 'getAllAgents' does not exist on type 'DatabaseStorage'. Did you mean 'getAgent'?
server/services/persistentMemoryEngine.ts(723,35): error TS18046: 'error' is of type 'unknown'.
server/services/persistentMemoryEngine.ts(858,12): error TS7053: Element implicitly has an 'any' type because expression of type 'string' can't be used to index type '{ nightly: ({ rule: string; threshold: number; minFrequency?: undefined; decayRate?: undefined; } | { rule: string; minFrequency: number; threshold?: undefined; decayRate?: undefined; } | { rule: string; decayRate: number; threshold?: undefined; minFrequency?: undefined; })[]; weekly: ({ ...; } | ... 2 more ... | { ...'.
  No index signature with a parameter of type 'string' was found on type '{ nightly: ({ rule: string; threshold: number; minFrequency?: undefined; decayRate?: undefined; } | { rule: string; minFrequency: number; threshold?: undefined; decayRate?: undefined; } | { rule: string; decayRate: number; threshold?: undefined; minFrequency?: undefined; })[]; weekly: ({ ...; } | ... 2 more ... | { ...'.
server/services/persistentMemoryEngine.ts(942,34): error TS2551: Property 'getAllAgents' does not exist on type 'DatabaseStorage'. Did you mean 'getAgent'?
server/services/persistentMemoryEngine.ts(1158,9): error TS7053: Element implicitly has an 'any' type because expression of type 'any' can't be used to index type '{}'.
server/services/persistentMemoryEngine.ts(1158,27): error TS7053: Element implicitly has an 'any' type because expression of type 'any' can't be used to index type '{}'.
server/services/persistentMemoryEngine.ts(1163,14): error TS7053: Element implicitly has an 'any' type because expression of type 'string' can't be used to index type '{}'.
  No index signature with a parameter of type 'string' was found on type '{}'.
server/services/persistentMemoryEngine.ts(1178,9): error TS7053: Element implicitly has an 'any' type because expression of type 'string' can't be used to index type '{}'.
  No index signature with a parameter of type 'string' was found on type '{}'.
server/services/persistentMemoryEngine.ts(1211,9): error TS7053: Element implicitly has an 'any' type because expression of type 'string' can't be used to index type '{}'.
  No index signature with a parameter of type 'string' was found on type '{}'.
server/services/persistentMemoryEngine.ts(1225,5): error TS2322: Type 'string' is not assignable to type '"episodic" | "semantic" | "procedural" | "working"'.
server/services/persistentMemoryEngine.ts(1350,16): error TS7053: Element implicitly has an 'any' type because expression of type 'string' can't be used to index type '{}'.
  No index signature with a parameter of type 'string' was found on type '{}'.
server/services/persistentMemoryEngine.ts(1350,30): error TS7053: Element implicitly has an 'any' type because expression of type 'string' can't be used to index type '{}'.
  No index signature with a parameter of type 'string' was found on type '{}'.
server/services/persistentMemoryEngine.ts(1351,11): error TS7053: Element implicitly has an 'any' type because expression of type 'string' can't be used to index type '{}'.
  No index signature with a parameter of type 'string' was found on type '{}'.
server/services/persistentMemoryEngine.ts(1351,34): error TS7053: Element implicitly has an 'any' type because expression of type 'string' can't be used to index type '{}'.
  No index signature with a parameter of type 'string' was found on type '{}'.
server/services/persistentMemoryEngine.ts(1359,51): error TS2769: No overload matches this call.
  Overload 1 of 2, '(o: { [s: string]: unknown; } | ArrayLike<unknown>): [string, unknown][]', gave the following error.
    Argument of type 'unknown' is not assignable to parameter of type '{ [s: string]: unknown; } | ArrayLike<unknown>'.
  Overload 2 of 2, '(o: {}): [string, any][]', gave the following error.
    Argument of type 'unknown' is not assignable to parameter of type '{}'.
server/services/persistentMemoryEngine.ts(1361,11): error TS7053: Element implicitly has an 'any' type because expression of type 'string' can't be used to index type '{}'.
  No index signature with a parameter of type 'string' was found on type '{}'.
server/services/persistentMemoryEngine.ts(1501,5): error TS2322: Type 'string' is not assignable to type '"context" | "strategy" | "concept" | "pattern" | "outcome"'.
server/services/pipelineOrchestrationService.ts(76,11): error TS2564: Property 'globalResourceConstraints' has no initializer and is not definitely assigned in the constructor.
server/services/pipelineOrchestrationService.ts(773,30): error TS2339: Property 'requiredCapabilities' does not exist on type '{}'.
server/services/portal-scheduler-service.ts(13,9): error TS2503: Cannot find namespace 'cron'.
server/services/portal-scheduler-service.ts(21,27): error TS2503: Cannot find namespace 'cron'.
server/services/portal-scheduler-service.ts(39,45): error TS2345: Argument of type 'PublicPortal' is not assignable to parameter of type '{ status: string; url: string; id: string; username: string | null; password: string | null; name: string; createdAt: Date; loginRequired: boolean; lastScanned: Date | null; scanFrequency: number; ... 5 more ...; updatedAt: Date; }'.
  Type 'PublicPortal' is missing the following properties from type '{ status: string; url: string; id: string; username: string | null; password: string | null; name: string; createdAt: Date; loginRequired: boolean; lastScanned: Date | null; scanFrequency: number; ... 5 more ...; updatedAt: Date; }': username, password
server/services/portal-scheduler-service.ts(79,11): error TS2353: Object literal may only specify known properties, and 'scheduled' does not exist in type 'TaskOptions'.
server/services/portal-scheduler-service.ts(243,9): error TS2353: Object literal may only specify known properties, and 'scheduled' does not exist in type 'TaskOptions'.
server/services/portal-scheduler-service.ts(277,9): error TS2353: Object literal may only specify known properties, and 'scheduled' does not exist in type 'TaskOptions'.
server/services/portal-scheduler-service.ts(297,43): error TS2345: Argument of type 'PublicPortal' is not assignable to parameter of type '{ status: string; url: string; id: string; username: string | null; password: string | null; name: string; createdAt: Date; loginRequired: boolean; lastScanned: Date | null; scanFrequency: number; ... 5 more ...; updatedAt: Date; }'.
  Type 'PublicPortal' is missing the following properties from type '{ status: string; url: string; id: string; username: string | null; password: string | null; name: string; createdAt: Date; loginRequired: boolean; lastScanned: Date | null; scanFrequency: number; ... 5 more ...; updatedAt: Date; }': username, password
server/services/proposalGenerationOrchestrator.ts(708,7): error TS7053: Element implicitly has an 'any' type because expression of type '"completed" | "quality_assurance" | "outline" | "content_generation" | "pricing_analysis" | "compliance_validation" | "form_completion" | "final_assembly"' can't be used to index type '{ outline?: any; content?: any; pricing?: any; compliance?: any; forms?: any; proposalId?: string | undefined; }'.
  Property 'completed' does not exist on type '{ outline?: any; content?: any; pricing?: any; compliance?: any; forms?: any; proposalId?: string | undefined; }'.
server/services/proposalGenerationOrchestrator.ts(906,37): error TS2339: Property 'cancelWorkItem' does not exist on type 'WorkflowCoordinator'.
server/services/proposalGenerationSpecialists.ts(32,63): error TS18046: 'workItem.inputs' is of type 'unknown'.
server/services/proposalGenerationSpecialists.ts(36,15): error TS2339: Property 'rfpId' does not exist on type 'unknown'.
server/services/proposalGenerationSpecialists.ts(36,22): error TS2339: Property 'proposalType' does not exist on type 'unknown'.
server/services/proposalGenerationSpecialists.ts(36,36): error TS2339: Property 'companyProfileId' does not exist on type 'unknown'.
server/services/proposalGenerationSpecialists.ts(36,54): error TS2339: Property 'pipelineId' does not exist on type 'unknown'.
server/services/proposalGenerationSpecialists.ts(133,66): error TS18046: 'workItem.inputs' is of type 'unknown'.
server/services/proposalGenerationSpecialists.ts(137,15): error TS2339: Property 'rfpId' does not exist on type 'unknown'.
server/services/proposalGenerationSpecialists.ts(137,22): error TS2339: Property 'companyProfileId' does not exist on type 'unknown'.
server/services/proposalGenerationSpecialists.ts(137,40): error TS2339: Property 'outline' does not exist on type 'unknown'.
server/services/proposalGenerationSpecialists.ts(137,49): error TS2339: Property 'pipelineId' does not exist on type 'unknown'.
server/services/proposalGenerationSpecialists.ts(210,11): error TS2345: Argument of type '{ businessType: string[]; certifications: string[]; companyInfo: { name: string; description: string; }; }' is not assignable to parameter of type 'CompanyDataMapping'.
  Type '{ businessType: string[]; certifications: string[]; companyInfo: { name: string; description: string; }; }' is missing the following properties from type 'CompanyDataMapping': profile, relevantCertifications, applicableInsurance, assignedContacts, and 2 more.
server/services/proposalGenerationSpecialists.ts(269,66): error TS18046: 'workItem.inputs' is of type 'unknown'.
server/services/proposalGenerationSpecialists.ts(273,15): error TS2339: Property 'rfpId' does not exist on type 'unknown'.
server/services/proposalGenerationSpecialists.ts(273,22): error TS2339: Property 'companyProfileId' does not exist on type 'unknown'.
server/services/proposalGenerationSpecialists.ts(273,40): error TS2339: Property 'outline' does not exist on type 'unknown'.
server/services/proposalGenerationSpecialists.ts(273,49): error TS2339: Property 'proposalType' does not exist on type 'unknown'.
server/services/proposalGenerationSpecialists.ts(273,63): error TS2339: Property 'pipelineId' does not exist on type 'unknown'.
server/services/proposalGenerationSpecialists.ts(289,48): error TS2341: Property 'generateProposalContent' is private and only accessible within class 'AIService'.
server/services/proposalGenerationSpecialists.ts(359,63): error TS18046: 'workItem.inputs' is of type 'unknown'.
server/services/proposalGenerationSpecialists.ts(363,15): error TS2339: Property 'rfpId' does not exist on type 'unknown'.
server/services/proposalGenerationSpecialists.ts(363,22): error TS2339: Property 'companyProfileId' does not exist on type 'unknown'.
server/services/proposalGenerationSpecialists.ts(363,40): error TS2339: Property 'outline' does not exist on type 'unknown'.
server/services/proposalGenerationSpecialists.ts(363,49): error TS2339: Property 'pipelineId' does not exist on type 'unknown'.
server/services/proposalGenerationSpecialists.ts(612,55): error TS18046: 'workItem.inputs' is of type 'unknown'.
server/services/proposalGenerationSpecialists.ts(617,9): error TS2339: Property 'rfpId' does not exist on type 'unknown'.
server/services/proposalGenerationSpecialists.ts(618,9): error TS2339: Property 'companyProfileId' does not exist on type 'unknown'.
server/services/proposalGenerationSpecialists.ts(619,9): error TS2339: Property 'outline' does not exist on type 'unknown'.
server/services/proposalGenerationSpecialists.ts(620,9): error TS2339: Property 'content' does not exist on type 'unknown'.
server/services/proposalGenerationSpecialists.ts(621,9): error TS2339: Property 'proposalType' does not exist on type 'unknown'.
server/services/proposalGenerationSpecialists.ts(622,9): error TS2339: Property 'pipelineId' does not exist on type 'unknown'.
server/services/proposalGenerationSpecialists.ts(638,45): error TS2341: Property 'generatePricingTables' is private and only accessible within class 'AIService'.
server/services/proposalGenerationSpecialists.ts(804,61): error TS18046: 'workItem.inputs' is of type 'unknown'.
server/services/proposalGenerationSpecialists.ts(809,9): error TS2339: Property 'rfpId' does not exist on type 'unknown'.
server/services/proposalGenerationSpecialists.ts(810,9): error TS2339: Property 'companyProfileId' does not exist on type 'unknown'.
server/services/proposalGenerationSpecialists.ts(811,9): error TS2339: Property 'outline' does not exist on type 'unknown'.
server/services/proposalGenerationSpecialists.ts(812,9): error TS2339: Property 'content' does not exist on type 'unknown'.
server/services/proposalGenerationSpecialists.ts(813,9): error TS2339: Property 'pricing' does not exist on type 'unknown'.
server/services/proposalGenerationSpecialists.ts(814,9): error TS2339: Property 'proposalType' does not exist on type 'unknown'.
server/services/proposalGenerationSpecialists.ts(815,9): error TS2339: Property 'pipelineId' does not exist on type 'unknown'.
server/services/proposalGenerationSpecialists.ts(948,5): error TS2322: Type 'number' is not assignable to type 'string'.
server/services/proposalGenerationSpecialists.ts(960,11): error TS7034: Variable 'matrix' implicitly has type 'any[]' in some locations where its type cannot be determined.
server/services/proposalGenerationSpecialists.ts(1005,12): error TS7005: Variable 'matrix' implicitly has an 'any[]' type.
server/services/proposalGenerationSpecialists.ts(1146,11): error TS7034: Variable 'actions' implicitly has type 'any[]' in some locations where its type cannot be determined.
server/services/proposalGenerationSpecialists.ts(1168,24): error TS7005: Variable 'actions' implicitly has an 'any[]' type.
server/services/proposalOutcomeTracker.ts(270,13): error TS2345: Argument of type 'number | undefined' is not assignable to parameter of type 'number'.
  Type 'undefined' is not assignable to type 'number'.
server/services/proposalOutcomeTracker.ts(361,47): error TS18046: 'error' is of type 'unknown'.
server/services/proposalOutcomeTracker.ts(532,68): error TS18048: 'rfp' is possibly 'undefined'.
server/services/proposalOutcomeTracker.ts(538,44): error TS18048: 'rfp' is possibly 'undefined'.
server/services/proposalOutcomeTracker.ts(538,44): error TS2345: Argument of type 'Date | null' is not assignable to parameter of type 'Date'.
  Type 'null' is not assignable to type 'Date'.
server/services/proposalOutcomeTracker.ts(634,12): error TS7053: Element implicitly has an 'any' type because expression of type '"unknown"' can't be used to index type '{}'.
  Property 'unknown' does not exist on type '{}'.
server/services/proposalOutcomeTracker.ts(634,28): error TS7053: Element implicitly has an 'any' type because expression of type '"unknown"' can't be used to index type '{}'.
  Property 'unknown' does not exist on type '{}'.
server/services/proposalOutcomeTracker.ts(635,7): error TS7053: Element implicitly has an 'any' type because expression of type '"unknown"' can't be used to index type '{}'.
  Property 'unknown' does not exist on type '{}'.
server/services/proposalOutcomeTracker.ts(641,7): error TS7053: Element implicitly has an 'any' type because expression of type 'string' can't be used to index type '{}'.
  No index signature with a parameter of type 'string' was found on type '{}'.
server/services/proposalOutcomeTracker.ts(668,12): error TS7053: Element implicitly has an 'any' type because expression of type 'string' can't be used to index type '{}'.
  No index signature with a parameter of type 'string' was found on type '{}'.
server/services/proposalOutcomeTracker.ts(668,32): error TS7053: Element implicitly has an 'any' type because expression of type 'string' can't be used to index type '{}'.
  No index signature with a parameter of type 'string' was found on type '{}'.
server/services/proposalOutcomeTracker.ts(669,7): error TS7053: Element implicitly has an 'any' type because expression of type 'string' can't be used to index type '{}'.
  No index signature with a parameter of type 'string' was found on type '{}'.
server/services/proposalOutcomeTracker.ts(670,41): error TS7053: Element implicitly has an 'any' type because expression of type 'string' can't be used to index type '{}'.
  No index signature with a parameter of type 'string' was found on type '{}'.
server/services/proposalOutcomeTracker.ts(701,36): error TS18048: 'f' is possibly 'undefined'.
server/services/proposalOutcomeTracker.ts(705,36): error TS18048: 'f' is possibly 'undefined'.
server/services/proposalOutcomeTracker.ts(767,25): error TS7006: Parameter 'bidder' implicitly has an 'any' type.
server/services/proposalOutcomeTracker.ts(812,44): error TS7006: Parameter 'b' implicitly has an 'any' type.
server/services/proposalOutcomeTracker.ts(812,62): error TS7006: Parameter 'b' implicitly has an 'any' type.
server/services/proposalOutcomeTracker.ts(939,11): error TS18048: 'outcome.outcomeDetails.evaluationCriteria.price' is possibly 'undefined'.
server/services/proposalQualityEvaluator.ts(282,20): error TS2339: Property 'recordEvaluationLearning' does not exist on type 'ProposalQualityEvaluator'.
server/services/proposalQualityEvaluator.ts(839,11): error TS7034: Variable 'strategicRecommendations' implicitly has type 'any[]' in some locations where its type cannot be determined.
server/services/proposalQualityEvaluator.ts(874,7): error TS7005: Variable 'strategicRecommendations' implicitly has an 'any[]' type.
server/services/proposalQualityEvaluator.ts(1103,8): error TS7006: Parameter 'sum' implicitly has an 'any' type.
server/services/proposalQualityEvaluator.ts(1103,13): error TS7006: Parameter 'n' implicitly has an 'any' type.
server/services/proposalQualityEvaluator.ts(1345,21): error TS7053: Element implicitly has an 'any' type because expression of type 'string' can't be used to index type '{ content: number; compliance: number; technical: number; presentation: number; competitiveness: number; strategic: number; }'.
  No index signature with a parameter of type 'string' was found on type '{ content: number; compliance: number; technical: number; presentation: number; competitiveness: number; strategic: number; }'.
server/services/proposalQualityEvaluator.ts(1471,9): error TS7006: Parameter 'sentence' implicitly has an 'any' type.
server/services/proposalQualityEvaluator.ts(1476,12): error TS7006: Parameter 'sentence' implicitly has an 'any' type.
server/services/proposalQualityEvaluator.ts(1477,15): error TS7006: Parameter 'sentence' implicitly has an 'any' type.
server/services/proposalQualityEvaluator.ts(1698,48): error TS7006: Parameter 'sum' implicitly has an 'any' type.
server/services/proposalQualityEvaluator.ts(1698,53): error TS7006: Parameter 'table' implicitly has an 'any' type.
server/services/retryBackoffDlqService.ts(570,56): error TS2345: Argument of type '{ status: string; retries: number; assignedAgentId: null; metadata: any; }' is not assignable to parameter of type '{ sessionId: string; taskType: string; inputs: Json; createdByAgentId: string; status?: string | undefined; deadline?: Date | null | undefined; result?: Json | undefined; ... 27 more ...; failedAt?: Date | ... 1 more ... | undefined; }'.
  Type '{ status: string; retries: number; assignedAgentId: null; metadata: any; }' is missing the following properties from type '{ sessionId: string; taskType: string; inputs: Json; createdByAgentId: string; status?: string | undefined; deadline?: Date | null | undefined; result?: Json | undefined; ... 27 more ...; failedAt?: Date | ... 1 more ... | undefined; }': sessionId, taskType, inputs, createdByAgentId
server/services/rfpScrapingService.ts(289,17): error TS2345: Argument of type 'string | undefined' is not assignable to parameter of type 'string'.
  Type 'undefined' is not assignable to type 'string'.
server/services/saflaSystemIntegration.ts(164,51): error TS2345: Argument of type '{ title: string; agency: string; description: string; status: string; }' is not assignable to parameter of type '{ title: string; agency: string; sourceUrl: string; status?: string | undefined; description?: string | null | undefined; deadline?: Date | null | undefined; estimatedValue?: string | null | undefined; ... 6 more ...; manuallyAddedAt?: Date | ... 1 more ... | undefined; }'.
  Property 'sourceUrl' is missing in type '{ title: string; agency: string; description: string; status: string; }' but required in type '{ title: string; agency: string; sourceUrl: string; status?: string | undefined; description?: string | null | undefined; deadline?: Date | null | undefined; estimatedValue?: string | null | undefined; ... 6 more ...; manuallyAddedAt?: Date | ... 1 more ... | undefined; }'.
server/services/scanHistoryService.ts(49,40): error TS2551: Property 'getScans' does not exist on type 'IStorage'. Did you mean 'getScan'?
server/services/scanHistoryService.ts(58,24): error TS7006: Parameter 'scan' implicitly has an 'any' type.
server/services/scanHistoryService.ts(70,33): error TS2339: Property 'getScanCount' does not exist on type 'IStorage'.
server/services/scanHistoryService.ts(125,40): error TS2551: Property 'getScans' does not exist on type 'IStorage'. Did you mean 'getScan'?
server/services/scanHistoryService.ts(133,9): error TS7006: Parameter 's' implicitly has an 'any' type.
server/services/scanHistoryService.ts(135,40): error TS7006: Parameter 's' implicitly has an 'any' type.
server/services/scanHistoryService.ts(140,10): error TS7006: Parameter 'sum' implicitly has an 'any' type.
server/services/scanHistoryService.ts(140,15): error TS7006: Parameter 'scan' implicitly has an 'any' type.
server/services/scanHistoryService.ts(147,43): error TS7006: Parameter 's' implicitly has an 'any' type.
server/services/scanHistoryService.ts(148,52): error TS7006: Parameter 'sum' implicitly has an 'any' type.
server/services/scanHistoryService.ts(148,57): error TS7006: Parameter 'scan' implicitly has an 'any' type.
server/services/scanHistoryService.ts(167,21): error TS7006: Parameter 'scan' implicitly has an 'any' type.
server/services/scanHistoryService.ts(287,26): error TS2551: Property 'createScanEvent' does not exist on type 'IStorage'. Did you mean 'createScan'?
server/services/scanHistoryService.ts(376,47): error TS2339: Property 'deleteOldScans' does not exist on type 'IStorage'.
server/services/scraping/authentication/AuthenticationManager.ts(12,11): error TS2564: Property 'fallbackStrategy' has no initializer and is not definitely assigned in the constructor.
server/services/scraping/authentication/strategies/BonfireHubAuthStrategy.ts(61,32): error TS2722: Cannot invoke an object which is possibly 'undefined'.
server/services/scraping/authentication/strategies/BonfireHubAuthStrategy.ts(61,32): error TS18048: 'stagehandAuthTool.execute' is possibly 'undefined'.
server/services/scraping/authentication/strategies/BonfireHubAuthStrategy.ts(61,58): error TS2345: Argument of type '{ context: { loginUrl: string; username: string; password: string; targetUrl: string; sessionId: string; portalType: string; }; }' is not assignable to parameter of type 'ToolExecutionContext<ZodObject<{ loginUrl: ZodString; username: ZodString; password: ZodString; targetUrl: ZodString; sessionId: ZodString; portalType: ZodOptional<...>; }, "strip", ZodTypeAny, { ...; }, { ...; }>>'.
  Property 'runtimeContext' is missing in type '{ context: { loginUrl: string; username: string; password: string; targetUrl: string; sessionId: string; portalType: string; }; }' but required in type 'ToolExecutionContext<ZodObject<{ loginUrl: ZodString; username: ZodString; password: ZodString; targetUrl: ZodString; sessionId: ZodString; portalType: ZodOptional<...>; }, "strip", ZodTypeAny, { ...; }, { ...; }>>'.
server/services/scraping/authentication/strategies/BonfireHubAuthStrategy.ts(72,11): error TS18046: 'authResult' is of type 'unknown'.
server/services/scraping/authentication/strategies/BonfireHubAuthStrategy.ts(77,20): error TS18046: 'authResult' is of type 'unknown'.
server/services/scraping/authentication/strategies/BonfireHubAuthStrategy.ts(78,22): error TS18046: 'authResult' is of type 'unknown'.
server/services/scraping/authentication/strategies/BonfireHubAuthStrategy.ts(84,18): error TS18046: 'authResult' is of type 'unknown'.
server/services/scraping/authentication/strategies/BonfireHubAuthStrategy.ts(211,59): error TS2345: Argument of type 'string | string[]' is not assignable to parameter of type 'string'.
  Type 'string[]' is not assignable to type 'string'.
server/services/scraping/authentication/strategies/BonfireHubAuthStrategy.ts(339,9): error TS2322: Type 'string | string[]' is not assignable to type 'string'.
  Type 'string[]' is not assignable to type 'string'.
server/services/scraping/authentication/strategies/BonfireHubAuthStrategy.ts(339,31): error TS2339: Property 'startsWith' does not exist on type 'string | string[]'.
  Property 'startsWith' does not exist on type 'string[]'.
server/services/scraping/authentication/strategies/BonfireHubAuthStrategy.ts(341,21): error TS2345: Argument of type 'string | string[]' is not assignable to parameter of type 'string | URL'.
  Type 'string[]' is not assignable to type 'string | URL'.
    Type 'string[]' is missing the following properties from type 'URL': hash, host, hostname, href, and 9 more.
server/services/scraping/authentication/strategies/GenericFormAuthStrategy.ts(222,36): error TS2694: Namespace '"/Users/mgunnin/Developer/08_Clients/ibyte/rfpagent/node_modules/cheerio/dist/esm/index"' has no exported member 'Element'.
server/services/scraping/authentication/strategies/GenericFormAuthStrategy.ts(266,36): error TS2694: Namespace '"/Users/mgunnin/Developer/08_Clients/ibyte/rfpagent/node_modules/cheerio/dist/esm/index"' has no exported member 'Element'.
server/services/scraping/authentication/strategies/StagehandAuthStrategy.ts(26,32): error TS2722: Cannot invoke an object which is possibly 'undefined'.
server/services/scraping/authentication/strategies/StagehandAuthStrategy.ts(26,32): error TS18048: 'stagehandAuthTool.execute' is possibly 'undefined'.
server/services/scraping/authentication/strategies/StagehandAuthStrategy.ts(26,58): error TS2345: Argument of type '{ context: { loginUrl: string; username: string; password: string; targetUrl: string; sessionId: string; portalType: string; }; }' is not assignable to parameter of type 'ToolExecutionContext<ZodObject<{ loginUrl: ZodString; username: ZodString; password: ZodString; targetUrl: ZodString; sessionId: ZodString; portalType: ZodOptional<...>; }, "strip", ZodTypeAny, { ...; }, { ...; }>>'.
  Property 'runtimeContext' is missing in type '{ context: { loginUrl: string; username: string; password: string; targetUrl: string; sessionId: string; portalType: string; }; }' but required in type 'ToolExecutionContext<ZodObject<{ loginUrl: ZodString; username: ZodString; password: ZodString; targetUrl: ZodString; sessionId: ZodString; portalType: ZodOptional<...>; }, "strip", ZodTypeAny, { ...; }, { ...; }>>'.
server/services/scraping/authentication/strategies/StagehandAuthStrategy.ts(37,11): error TS18046: 'authResult' is of type 'unknown'.
server/services/scraping/authentication/strategies/StagehandAuthStrategy.ts(42,20): error TS18046: 'authResult' is of type 'unknown'.
server/services/scraping/authentication/strategies/StagehandAuthStrategy.ts(43,22): error TS18046: 'authResult' is of type 'unknown'.
server/services/scraping/authentication/strategies/StagehandAuthStrategy.ts(47,49): error TS18046: 'authResult' is of type 'unknown'.
server/services/scraping/authentication/strategies/StagehandAuthStrategy.ts(52,18): error TS18046: 'authResult' is of type 'unknown'.
server/services/scraping/authentication/strategies/StagehandAuthStrategy.ts(207,32): error TS2722: Cannot invoke an object which is possibly 'undefined'.
server/services/scraping/authentication/strategies/StagehandAuthStrategy.ts(207,32): error TS18048: 'stagehandAuthTool.execute' is possibly 'undefined'.
server/services/scraping/authentication/strategies/StagehandAuthStrategy.ts(215,11): error TS2353: Object literal may only specify known properties, and 'config' does not exist in type '{ sessionId: string; loginUrl: string; username: string; password: string; targetUrl: string; portalType?: string | undefined; }'.
server/services/scraping/authentication/strategies/StagehandAuthStrategy.ts(220,18): error TS18046: 'authResult' is of type 'unknown'.
server/services/scraping/authentication/strategies/StagehandAuthStrategy.ts(222,18): error TS18046: 'authResult' is of type 'unknown'.
server/services/scraping/authentication/strategies/StagehandAuthStrategy.ts(223,20): error TS18046: 'authResult' is of type 'unknown'.
server/services/scraping/authentication/strategies/StagehandAuthStrategy.ts(224,16): error TS18046: 'authResult' is of type 'unknown'.
server/services/scraping/authentication/strategies/StagehandAuthStrategy.ts(224,49): error TS18046: 'authResult' is of type 'unknown'.
server/services/scraping/core/ServiceRegistry.ts(17,11): error TS2564: Property 'browserSessionManager' has no initializer and is not definitely assigned in the constructor.
server/services/scraping/core/ServiceRegistry.ts(18,11): error TS2564: Property 'configurationService' has no initializer and is not definitely assigned in the constructor.
server/services/scraping/core/ServiceRegistry.ts(19,11): error TS2564: Property 'portalDetectionService' has no initializer and is not definitely assigned in the constructor.
server/services/scraping/core/ServiceRegistry.ts(20,11): error TS2564: Property 'authenticationManager' has no initializer and is not definitely assigned in the constructor.
server/services/scraping/core/ServiceRegistry.ts(21,11): error TS2564: Property 'agentFactory' has no initializer and is not definitely assigned in the constructor.
server/services/scraping/core/ServiceRegistry.ts(22,11): error TS2564: Property 'agentRegistry' has no initializer and is not definitely assigned in the constructor.
server/services/scraping/core/ServiceRegistry.ts(23,11): error TS2564: Property 'agentOrchestrator' has no initializer and is not definitely assigned in the constructor.
server/services/scraping/core/ServiceRegistry.ts(24,11): error TS2564: Property 'portalAgentManager' has no initializer and is not definitely assigned in the constructor.
server/services/scraping/core/ServiceRegistry.ts(25,11): error TS2564: Property 'toolFactory' has no initializer and is not definitely assigned in the constructor.
server/services/scraping/core/ServiceRegistry.ts(171,9): error TS2353: Object literal may only specify known properties, and 'details' does not exist in type '{ status: string; }'.
server/services/scraping/core/ServiceRegistry.ts(176,9): error TS2353: Object literal may only specify known properties, and 'details' does not exist in type '{ status: string; }'.
server/services/scraping/core/ServiceRegistry.ts(186,9): error TS2353: Object literal may only specify known properties, and 'details' does not exist in type '{ status: string; }'.
server/services/scraping/core/ServiceRegistry.ts(191,9): error TS2353: Object literal may only specify known properties, and 'details' does not exist in type '{ status: string; }'.
server/services/scraping/core/ServiceRegistry.ts(201,9): error TS2353: Object literal may only specify known properties, and 'details' does not exist in type '{ status: string; }'.
server/services/scraping/core/ServiceRegistry.ts(206,9): error TS2353: Object literal may only specify known properties, and 'details' does not exist in type '{ status: string; }'.
server/services/scraping/core/ServiceRegistry.ts(215,9): error TS2353: Object literal may only specify known properties, and 'details' does not exist in type '{ status: string; }'.
server/services/scraping/core/ServiceRegistry.ts(220,9): error TS2353: Object literal may only specify known properties, and 'details' does not exist in type '{ status: string; }'.
server/services/scraping/core/ServiceRegistry.ts(230,9): error TS2353: Object literal may only specify known properties, and 'details' does not exist in type '{ status: string; }'.
server/services/scraping/core/ServiceRegistry.ts(235,9): error TS2353: Object literal may only specify known properties, and 'details' does not exist in type '{ status: string; }'.
server/services/scraping/core/ServiceRegistry.ts(244,9): error TS2353: Object literal may only specify known properties, and 'details' does not exist in type '{ status: string; }'.
server/services/scraping/core/ServiceRegistry.ts(249,9): error TS2353: Object literal may only specify known properties, and 'details' does not exist in type '{ status: string; }'.
server/services/scraping/core/ServiceRegistry.ts(258,9): error TS2353: Object literal may only specify known properties, and 'details' does not exist in type '{ status: string; }'.
server/services/scraping/core/ServiceRegistry.ts(263,9): error TS2353: Object literal may only specify known properties, and 'details' does not exist in type '{ status: string; }'.
server/services/scraping/core/ServiceRegistry.ts(270,7): error TS2353: Object literal may only specify known properties, and 'details' does not exist in type '{ status: string; }'.
server/services/scraping/extraction/extractors/AustinFinanceContentExtractor.ts(133,66): error TS2339: Property 'solicitationId' does not exist on type 'RFPOpportunity'.
server/services/scraping/extraction/extractors/AustinFinanceContentExtractor.ts(226,36): error TS2694: Namespace '"/Users/mgunnin/Developer/08_Clients/ibyte/rfpagent/node_modules/cheerio/dist/esm/index"' has no exported member 'Element'.
server/services/scraping/extraction/extractors/AustinFinanceContentExtractor.ts(227,30): error TS2694: Namespace '"/Users/mgunnin/Developer/08_Clients/ibyte/rfpagent/node_modules/cheerio/dist/esm/index"' has no exported member 'Element'.
server/services/scraping/extraction/extractors/AustinFinanceContentExtractor.ts(316,7): error TS2322: Type 'string | undefined' is not assignable to type 'string'.
  Type 'undefined' is not assignable to type 'string'.
server/services/scraping/extraction/extractors/BonfireContentExtractor.ts(133,38): error TS2345: Argument of type 'string | undefined' is not assignable to parameter of type 'string'.
  Type 'undefined' is not assignable to type 'string'.
server/services/scraping/extraction/extractors/HTMLContentExtractor.ts(281,37): error TS2694: Namespace '"/Users/mgunnin/Developer/08_Clients/ibyte/rfpagent/node_modules/cheerio/dist/esm/index"' has no exported member 'Element'.
server/services/scraping/extraction/extractors/HTMLContentExtractor.ts(288,43): error TS2592: Cannot find name '$'. Do you need to install type definitions for jQuery? Try `npm i --save-dev @types/jquery` and then add 'jquery' to the types field in your tsconfig.
server/services/scraping/extraction/extractors/HTMLContentExtractor.ts(299,35): error TS2694: Namespace '"/Users/mgunnin/Developer/08_Clients/ibyte/rfpagent/node_modules/cheerio/dist/esm/index"' has no exported member 'Element'.
server/services/scraping/extraction/extractors/HTMLContentExtractor.ts(318,21): error TS2592: Cannot find name '$'. Do you need to install type definitions for jQuery? Try `npm i --save-dev @types/jquery` and then add 'jquery' to the types field in your tsconfig.
server/services/scraping/extraction/extractors/HTMLContentExtractor.ts(381,7): error TS2322: Type 'string | undefined' is not assignable to type 'string'.
  Type 'undefined' is not assignable to type 'string'.
server/services/scraping/extraction/extractors/HTMLContentExtractor.ts(395,39): error TS2694: Namespace '"/Users/mgunnin/Developer/08_Clients/ibyte/rfpagent/node_modules/cheerio/dist/esm/index"' has no exported member 'Element'.
server/services/scraping/extraction/extractors/HTMLContentExtractor.ts(441,7): error TS2322: Type 'string | undefined' is not assignable to type 'string'.
  Type 'undefined' is not assignable to type 'string'.
server/services/scraping/extraction/extractors/HTMLContentExtractor.ts(455,36): error TS2694: Namespace '"/Users/mgunnin/Developer/08_Clients/ibyte/rfpagent/node_modules/cheerio/dist/esm/index"' has no exported member 'Element'.
server/services/scraping/extraction/extractors/HTMLContentExtractor.ts(476,7): error TS2322: Type 'string | undefined' is not assignable to type 'string'.
  Type 'undefined' is not assignable to type 'string'.
server/services/scraping/extraction/extractors/JSONContentExtractor.ts(474,7): error TS2322: Type 'string | undefined' is not assignable to type 'string'.
  Type 'undefined' is not assignable to type 'string'.
server/services/scraping/extraction/extractors/JSONContentExtractor.ts(476,32): error TS2345: Argument of type 'string | undefined' is not assignable to parameter of type 'string'.
  Type 'undefined' is not assignable to type 'string'.
server/services/scraping/extraction/extractors/JSONContentExtractor.ts(507,7): error TS2322: Type 'string | undefined' is not assignable to type 'string'.
  Type 'undefined' is not assignable to type 'string'.
server/services/scraping/extraction/extractors/SAMGovContentExtractor.ts(108,11): error TS2322: Type 'string | undefined' is not assignable to type 'string'.
  Type 'undefined' is not assignable to type 'string'.
server/services/scraping/extraction/extractors/SAMGovContentExtractor.ts(160,11): error TS2322: Type 'string | undefined' is not assignable to type 'string'.
  Type 'undefined' is not assignable to type 'string'.
server/services/scraping/extraction/extractors/SAMGovContentExtractor.ts(216,54): error TS2694: Namespace '"/Users/mgunnin/Developer/08_Clients/ibyte/rfpagent/node_modules/cheerio/dist/esm/index"' has no exported member 'Element'.
server/services/scraping/extraction/extractors/SAMGovContentExtractor.ts(241,60): error TS2694: Namespace '"/Users/mgunnin/Developer/08_Clients/ibyte/rfpagent/node_modules/cheerio/dist/esm/index"' has no exported member 'Element'.
server/services/scraping/extraction/extractors/SAMGovContentExtractor.ts(263,55): error TS2694: Namespace '"/Users/mgunnin/Developer/08_Clients/ibyte/rfpagent/node_modules/cheerio/dist/esm/index"' has no exported member 'Element'.
server/services/scraping/extraction/extractors/SAMGovContentExtractor.ts(285,57): error TS2694: Namespace '"/Users/mgunnin/Developer/08_Clients/ibyte/rfpagent/node_modules/cheerio/dist/esm/index"' has no exported member 'Element'.
server/services/scraping/extraction/extractors/SAMGovContentExtractor.ts(309,35): error TS2694: Namespace '"/Users/mgunnin/Developer/08_Clients/ibyte/rfpagent/node_modules/cheerio/dist/esm/index"' has no exported member 'Element'.
server/services/scraping/extraction/extractors/SAMGovContentExtractor.ts(320,35): error TS2694: Namespace '"/Users/mgunnin/Developer/08_Clients/ibyte/rfpagent/node_modules/cheerio/dist/esm/index"' has no exported member 'Element'.
server/services/scraping/extraction/extractors/SAMGovContentExtractor.ts(344,35): error TS2694: Namespace '"/Users/mgunnin/Developer/08_Clients/ibyte/rfpagent/node_modules/cheerio/dist/esm/index"' has no exported member 'Element'.
server/services/scraping/extraction/extractors/SAMGovContentExtractor.ts(370,35): error TS2694: Namespace '"/Users/mgunnin/Developer/08_Clients/ibyte/rfpagent/node_modules/cheerio/dist/esm/index"' has no exported member 'Element'.
server/services/scraping/extraction/extractors/SAMGovContentExtractor.ts(381,35): error TS2694: Namespace '"/Users/mgunnin/Developer/08_Clients/ibyte/rfpagent/node_modules/cheerio/dist/esm/index"' has no exported member 'Element'.
server/services/scraping/extraction/extractors/SAMGovContentExtractor.ts(506,62): error TS2694: Namespace '"/Users/mgunnin/Developer/08_Clients/ibyte/rfpagent/node_modules/cheerio/dist/esm/index"' has no exported member 'Element'.
server/services/scraping/extraction/extractors/SAMGovContentExtractor.ts(519,36): error TS2694: Namespace '"/Users/mgunnin/Developer/08_Clients/ibyte/rfpagent/node_modules/cheerio/dist/esm/index"' has no exported member 'Element'.
server/services/scraping/index.ts(34,1): error TS2308: Module './authentication' has already exported a member named 'AuthenticationStrategy'. Consider explicitly re-exporting to resolve the ambiguity.
server/services/scraping/MigrationAdapter.ts(102,27): error TS2339: Property 'getAgentRegistry' does not exist on type 'ScrapingOrchestrator'.
server/services/scraping/ScrapingOrchestrator.ts(280,9): error TS2345: Argument of type '{ id: string; name: string; url: string; loginRequired: boolean; status: "active"; lastScanned: null; createdAt: Date; updatedAt: Date; }' is not assignable to parameter of type '{ status: string; url: string; id: string; username: string | null; password: string | null; name: string; createdAt: Date; loginRequired: boolean; lastScanned: Date | null; scanFrequency: number; ... 5 more ...; updatedAt: Date; }'.
  Type '{ id: string; name: string; url: string; loginRequired: boolean; status: "active"; lastScanned: null; createdAt: Date; updatedAt: Date; }' is missing the following properties from type '{ status: string; url: string; id: string; username: string | null; password: string | null; name: string; createdAt: Date; loginRequired: boolean; lastScanned: Date | null; scanFrequency: number; ... 5 more ...; updatedAt: Date; }': username, password, scanFrequency, maxRfpsPerScan, and 4 more.
server/services/scraping/ScrapingOrchestrator.ts(395,36): error TS2722: Cannot invoke an object which is possibly 'undefined'.
server/services/scraping/ScrapingOrchestrator.ts(395,36): error TS18048: 'stagehandExtractTool.execute' is possibly 'undefined'.
server/services/scraping/ScrapingOrchestrator.ts(395,65): error TS2345: Argument of type '{ context: { instruction: string; sessionId: string; schema: { opportunities: z.ZodArray<z.ZodObject<{ title: z.ZodString; description: z.ZodOptional<z.ZodString>; agency: z.ZodOptional<z.ZodString>; ... 5 more ...; confidence: z.ZodDefault<...>; }, "strip", z.ZodTypeAny, { ...; }, { ...; }>, "many">; }; }; }' is not assignable to parameter of type 'ToolExecutionContext<ZodObject<{ url: ZodOptional<ZodString>; instruction: ZodString; schema: ZodOptional<ZodRecord<ZodString, ZodAny>>; sessionId: ZodOptional<...>; }, "strip", ZodTypeAny, { ...; }, { ...; }>>'.
  Property 'runtimeContext' is missing in type '{ context: { instruction: string; sessionId: string; schema: { opportunities: z.ZodArray<z.ZodObject<{ title: z.ZodString; description: z.ZodOptional<z.ZodString>; agency: z.ZodOptional<z.ZodString>; ... 5 more ...; confidence: z.ZodDefault<...>; }, "strip", z.ZodTypeAny, { ...; }, { ...; }>, "many">; }; }; }' but required in type 'ToolExecutionContext<ZodObject<{ url: ZodOptional<ZodString>; instruction: ZodString; schema: ZodOptional<ZodRecord<ZodString, ZodAny>>; sessionId: ZodOptional<...>; }, "strip", ZodTypeAny, { ...; }, { ...; }>>'.
server/services/scraping/ScrapingOrchestrator.ts(420,10): error TS18046: 'extractionResult' is of type 'unknown'.
server/services/scraping/ScrapingOrchestrator.ts(422,39): error TS18046: 'extractionResult' is of type 'unknown'.
server/services/scraping/ScrapingOrchestrator.ts(429,27): error TS18046: 'extractionResult' is of type 'unknown'.
server/services/scraping/ScrapingOrchestrator.ts(451,7): error TS2561: Object literal may only specify known properties, but 'content' does not exist in type 'ToolExecutionContext<ZodObject<{ content: ZodAny; portalType: ZodString; minOpportunities: ZodDefault<ZodOptional<ZodNumber>>; }, "strip", ZodTypeAny, { ...; }, { ...; }>>'. Did you mean to write 'context'?
server/services/scraping/tools/ToolFactory.ts(41,7): error TS2322: Type '({ content, portalType, searchFilter }: ToolExecutionContext<ZodObject<{ content: ZodString; portalType: ZodString; searchFilter: ZodOptional<ZodString>; }, "strip", ZodTypeAny, { ...; }, { ...; }>>) => Promise<...>' is not assignable to type '(context: ToolExecutionContext<ZodObject<{ content: ZodString; portalType: ZodString; searchFilter: ZodOptional<ZodString>; }, "strip", ZodTypeAny, { ...; }, { ...; }>>, options?: ToolInvocationOptions | undefined) => Promise<...>'.
  Type 'Promise<unknown>' is not assignable to type 'Promise<{ opportunities: { title: string; confidence: number; description?: string | undefined; agency?: string | undefined; deadline?: string | undefined; estimatedValue?: string | undefined; url?: string | undefined; category?: string | undefined; }[]; totalFound: number; extractedAt: string; }>'.
    Type 'unknown' is not assignable to type '{ opportunities: { title: string; confidence: number; description?: string | undefined; agency?: string | undefined; deadline?: string | undefined; estimatedValue?: string | undefined; url?: string | undefined; category?: string | undefined; }[]; totalFound: number; extractedAt: string; }'.
server/services/scraping/tools/ToolFactory.ts(41,25): error TS2339: Property 'content' does not exist on type 'ToolExecutionContext<ZodObject<{ content: ZodString; portalType: ZodString; searchFilter: ZodOptional<ZodString>; }, "strip", ZodTypeAny, { content: string; portalType: string; searchFilter?: string | undefined; }, { ...; }>>'.
server/services/scraping/tools/ToolFactory.ts(41,34): error TS2339: Property 'portalType' does not exist on type 'ToolExecutionContext<ZodObject<{ content: ZodString; portalType: ZodString; searchFilter: ZodOptional<ZodString>; }, "strip", ZodTypeAny, { content: string; portalType: string; searchFilter?: string | undefined; }, { ...; }>>'.
server/services/scraping/tools/ToolFactory.ts(41,46): error TS2339: Property 'searchFilter' does not exist on type 'ToolExecutionContext<ZodObject<{ content: ZodString; portalType: ZodString; searchFilter: ZodOptional<ZodString>; }, "strip", ZodTypeAny, { content: string; portalType: string; searchFilter?: string | undefined; }, { ...; }>>'.
server/services/scraping/tools/ToolFactory.ts(43,22): error TS2722: Cannot invoke an object which is possibly 'undefined'.
server/services/scraping/tools/ToolFactory.ts(43,51): error TS2345: Argument of type '{ context: { instruction: string; schema: { opportunities: z.ZodArray<z.ZodObject<{ title: z.ZodString; description: z.ZodOptional<z.ZodString>; agency: z.ZodOptional<z.ZodString>; deadline: z.ZodOptional<...>; estimatedValue: z.ZodOptional<...>; url: z.ZodOptional<...>; category: z.ZodOptional<...>; confidence: z.Z...' is not assignable to parameter of type 'ToolExecutionContext<ZodObject<{ url: ZodOptional<ZodString>; instruction: ZodString; schema: ZodOptional<ZodRecord<ZodString, ZodAny>>; sessionId: ZodOptional<...>; }, "strip", ZodTypeAny, { ...; }, { ...; }>>'.
  Property 'runtimeContext' is missing in type '{ context: { instruction: string; schema: { opportunities: z.ZodArray<z.ZodObject<{ title: z.ZodString; description: z.ZodOptional<z.ZodString>; agency: z.ZodOptional<z.ZodString>; deadline: z.ZodOptional<...>; estimatedValue: z.ZodOptional<...>; url: z.ZodOptional<...>; category: z.ZodOptional<...>; confidence: z.Z...' but required in type 'ToolExecutionContext<ZodObject<{ url: ZodOptional<ZodString>; instruction: ZodString; schema: ZodOptional<ZodRecord<ZodString, ZodAny>>; sessionId: ZodOptional<...>; }, "strip", ZodTypeAny, { ...; }, { ...; }>>'.
server/services/scraping/tools/ToolFactory.ts(101,7): error TS2322: Type '({ loginUrl, username, password, portalType, sessionId, }: ToolExecutionContext<ZodObject<{ loginUrl: ZodString; username: ZodString; password: ZodString; portalType: ZodString; sessionId: ZodOptional<ZodString>; }, "strip", ZodTypeAny, { ...; }, { ...; }>>) => Promise<...>' is not assignable to type '(context: ToolExecutionContext<ZodObject<{ loginUrl: ZodString; username: ZodString; password: ZodString; portalType: ZodString; sessionId: ZodOptional<ZodString>; }, "strip", ZodTypeAny, { ...; }, { ...; }>>, options?: ToolInvocationOptions | undefined) => Promise<...>'.
  Type 'Promise<unknown>' is not assignable to type 'Promise<{ success: boolean; message?: string | undefined; sessionId?: string | undefined; cookies?: string | undefined; authToken?: string | undefined; }>'.
    Type 'unknown' is not assignable to type '{ success: boolean; message?: string | undefined; sessionId?: string | undefined; cookies?: string | undefined; authToken?: string | undefined; }'.
server/services/scraping/tools/ToolFactory.ts(102,9): error TS2339: Property 'loginUrl' does not exist on type 'ToolExecutionContext<ZodObject<{ loginUrl: ZodString; username: ZodString; password: ZodString; portalType: ZodString; sessionId: ZodOptional<ZodString>; }, "strip", ZodTypeAny, { ...; }, { ...; }>>'.
server/services/scraping/tools/ToolFactory.ts(103,9): error TS2339: Property 'username' does not exist on type 'ToolExecutionContext<ZodObject<{ loginUrl: ZodString; username: ZodString; password: ZodString; portalType: ZodString; sessionId: ZodOptional<ZodString>; }, "strip", ZodTypeAny, { ...; }, { ...; }>>'.
server/services/scraping/tools/ToolFactory.ts(104,9): error TS2339: Property 'password' does not exist on type 'ToolExecutionContext<ZodObject<{ loginUrl: ZodString; username: ZodString; password: ZodString; portalType: ZodString; sessionId: ZodOptional<ZodString>; }, "strip", ZodTypeAny, { ...; }, { ...; }>>'.
server/services/scraping/tools/ToolFactory.ts(105,9): error TS2339: Property 'portalType' does not exist on type 'ToolExecutionContext<ZodObject<{ loginUrl: ZodString; username: ZodString; password: ZodString; portalType: ZodString; sessionId: ZodOptional<ZodString>; }, "strip", ZodTypeAny, { ...; }, { ...; }>>'.
server/services/scraping/tools/ToolFactory.ts(106,9): error TS2339: Property 'sessionId' does not exist on type 'ToolExecutionContext<ZodObject<{ loginUrl: ZodString; username: ZodString; password: ZodString; portalType: ZodString; sessionId: ZodOptional<ZodString>; }, "strip", ZodTypeAny, { ...; }, { ...; }>>'.
server/services/scraping/tools/ToolFactory.ts(108,22): error TS2722: Cannot invoke an object which is possibly 'undefined'.
server/services/scraping/tools/ToolFactory.ts(108,48): error TS2345: Argument of type '{ context: { loginUrl: any; username: any; password: any; targetUrl: any; sessionId: any; portalType: any; }; }' is not assignable to parameter of type 'ToolExecutionContext<ZodObject<{ loginUrl: ZodString; username: ZodString; password: ZodString; targetUrl: ZodString; sessionId: ZodString; portalType: ZodOptional<...>; }, "strip", ZodTypeAny, { ...; }, { ...; }>>'.
  Property 'runtimeContext' is missing in type '{ context: { loginUrl: any; username: any; password: any; targetUrl: any; sessionId: any; portalType: any; }; }' but required in type 'ToolExecutionContext<ZodObject<{ loginUrl: ZodString; username: ZodString; password: ZodString; targetUrl: ZodString; sessionId: ZodString; portalType: ZodOptional<...>; }, "strip", ZodTypeAny, { ...; }, { ...; }>>'.
server/services/scraping/tools/ToolFactory.ts(139,7): error TS2322: Type '({ action, target, sessionId }: ToolExecutionContext<ZodObject<{ action: ZodString; target: ZodOptional<ZodString>; sessionId: ZodOptional<ZodString>; }, "strip", ZodTypeAny, { ...; }, { ...; }>>) => Promise<...>' is not assignable to type '(context: ToolExecutionContext<ZodObject<{ action: ZodString; target: ZodOptional<ZodString>; sessionId: ZodOptional<ZodString>; }, "strip", ZodTypeAny, { ...; }, { ...; }>>, options?: ToolInvocationOptions | undefined) => Promise<...>'.
  Type 'Promise<unknown>' is not assignable to type 'Promise<{ success: boolean; message?: string | undefined; result?: any; }>'.
    Type 'unknown' is not assignable to type '{ success: boolean; message?: string | undefined; result?: any; }'.
server/services/scraping/tools/ToolFactory.ts(139,25): error TS2339: Property 'action' does not exist on type 'ToolExecutionContext<ZodObject<{ action: ZodString; target: ZodOptional<ZodString>; sessionId: ZodOptional<ZodString>; }, "strip", ZodTypeAny, { ...; }, { ...; }>>'.
server/services/scraping/tools/ToolFactory.ts(139,33): error TS2339: Property 'target' does not exist on type 'ToolExecutionContext<ZodObject<{ action: ZodString; target: ZodOptional<ZodString>; sessionId: ZodOptional<ZodString>; }, "strip", ZodTypeAny, { ...; }, { ...; }>>'.
server/services/scraping/tools/ToolFactory.ts(139,41): error TS2339: Property 'sessionId' does not exist on type 'ToolExecutionContext<ZodObject<{ action: ZodString; target: ZodOptional<ZodString>; sessionId: ZodOptional<ZodString>; }, "strip", ZodTypeAny, { ...; }, { ...; }>>'.
server/services/scraping/tools/ToolFactory.ts(140,22): error TS2722: Cannot invoke an object which is possibly 'undefined'.
server/services/scraping/tools/ToolFactory.ts(143,13): error TS2353: Object literal may only specify known properties, and 'target' does not exist in type '{ action: string; url?: string | undefined; sessionId?: string | undefined; }'.
server/services/scraping/tools/ToolFactory.ts(170,25): error TS2339: Property 'url' does not exist on type 'ToolExecutionContext<ZodObject<{ url: ZodString; filename: ZodOptional<ZodString>; sessionId: ZodOptional<ZodString>; }, "strip", ZodTypeAny, { ...; }, { ...; }>>'.
server/services/scraping/tools/ToolFactory.ts(170,30): error TS2339: Property 'filename' does not exist on type 'ToolExecutionContext<ZodObject<{ url: ZodString; filename: ZodOptional<ZodString>; sessionId: ZodOptional<ZodString>; }, "strip", ZodTypeAny, { ...; }, { ...; }>>'.
server/services/scraping/tools/ToolFactory.ts(170,40): error TS2339: Property 'sessionId' does not exist on type 'ToolExecutionContext<ZodObject<{ url: ZodString; filename: ZodOptional<ZodString>; sessionId: ZodOptional<ZodString>; }, "strip", ZodTypeAny, { ...; }, { ...; }>>'.
server/services/scraping/tools/ToolFactory.ts(210,25): error TS2339: Property 'content' does not exist on type 'ToolExecutionContext<ZodObject<{ content: ZodAny; portalType: ZodString; minOpportunities: ZodDefault<ZodOptional<ZodNumber>>; }, "strip", ZodTypeAny, { ...; }, { ...; }>>'.
server/services/scraping/tools/ToolFactory.ts(210,34): error TS2339: Property 'portalType' does not exist on type 'ToolExecutionContext<ZodObject<{ content: ZodAny; portalType: ZodString; minOpportunities: ZodDefault<ZodOptional<ZodNumber>>; }, "strip", ZodTypeAny, { ...; }, { ...; }>>'.
server/services/scraping/tools/ToolFactory.ts(210,46): error TS2339: Property 'minOpportunities' does not exist on type 'ToolExecutionContext<ZodObject<{ content: ZodAny; portalType: ZodString; minOpportunities: ZodDefault<ZodOptional<ZodNumber>>; }, "strip", ZodTypeAny, { ...; }, { ...; }>>'.
server/services/selfImprovingLearningService.ts(244,39): error TS2551: Property 'getProposalsByRFP' does not exist on type 'DatabaseStorage'. Did you mean 'getProposalByRFP'?
server/services/selfImprovingLearningService.ts(766,34): error TS2551: Property 'getAllAgents' does not exist on type 'DatabaseStorage'. Did you mean 'getAgent'?
server/services/selfImprovingLearningService.ts(1503,9): error TS7053: Element implicitly has an 'any' type because expression of type 'string' can't be used to index type '{}'.
  No index signature with a parameter of type 'string' was found on type '{}'.
server/services/selfImprovingLearningService.ts(1506,9): error TS7053: Element implicitly has an 'any' type because expression of type 'string' can't be used to index type '{}'.
  No index signature with a parameter of type 'string' was found on type '{}'.
server/services/submissionMaterialsService.ts(452,62): error TS2339: Property 'content' does not exist on type '{ traceId: string | undefined; scoringData?: { input: Omit<ScorerRunInputForAgent, "runId">; output: ScorerRunOutputForAgent; } | undefined; ... 18 more ...; tripwireReason: string; }'.
server/services/submissionMaterialsService.ts(465,23): error TS2339: Property 'content' does not exist on type '{ traceId: string | undefined; scoringData?: { input: Omit<ScorerRunInputForAgent, "runId">; output: ScorerRunOutputForAgent; } | undefined; ... 18 more ...; tripwireReason: string; }'.
server/services/submissionMaterialsService.ts(470,26): error TS2339: Property 'content' does not exist on type '{ traceId: string | undefined; scoringData?: { input: Omit<ScorerRunInputForAgent, "runId">; output: ScorerRunOutputForAgent; } | undefined; ... 18 more ...; tripwireReason: string; }'.
server/services/submissionOrchestrator.ts(5,10): error TS2305: Module '"./stagehandTools"' has no exported member 'stagehandTools'.
server/services/submissionOrchestrator.ts(170,12): error TS18046: 'error' is of type 'unknown'.
server/services/submissionOrchestrator.ts(202,12): error TS18046: 'error' is of type 'unknown'.
server/services/submissionOrchestrator.ts(264,14): error TS18046: 'error' is of type 'unknown'.
server/services/submissionOrchestrator.ts(267,13): error TS18046: 'error' is of type 'unknown'.
server/services/submissionOrchestrator.ts(431,29): error TS18046: 'error' is of type 'unknown'.
server/services/submissionOrchestrator.ts(828,7): error TS2353: Object literal may only specify known properties, and 'submittedAt' does not exist in type 'Partial<{ status: string; content: unknown; id: string; updatedAt: Date; rfpId: string; narratives: unknown; pricingTables: unknown; forms: unknown; attachments: unknown; proposalData: unknown; estimatedCost: string | null; estimatedMargin: string | null; generatedAt: Date; }>'.
server/services/submissionOrchestrator.ts(951,7): error TS7053: Element implicitly has an 'any' type because expression of type '"queued" | "completed" | "failed" | "authenticating" | "preflight" | "filling" | "uploading" | "submitting" | "verifying"' can't be used to index type '{ preflight?: any; authentication?: any; formFilling?: any; documentUploads?: any; submission?: any; verification?: any; }'.
  Property 'queued' does not exist on type '{ preflight?: any; authentication?: any; formFilling?: any; documentUploads?: any; submission?: any; verification?: any; }'.
server/services/submissionOrchestrator.ts(1150,25): error TS7053: Element implicitly has an 'any' type because expression of type '"queued" | "completed" | "failed" | "authenticating" | "preflight" | "filling" | "uploading" | "submitting" | "verifying"' can't be used to index type '{ preflight: number; authenticating: number; filling: number; uploading: number; submitting: number; verifying: number; }'.
  Property 'queued' does not exist on type '{ preflight: number; authenticating: number; filling: number; uploading: number; submitting: number; verifying: number; }'.
server/services/submissionOrchestrator.ts(1302,24): error TS7053: Element implicitly has an 'any' type because expression of type 'string' can't be used to index type '{ preflight: number; authenticating: number; filling: number; uploading: number; submitting: number; verifying: number; }'.
  No index signature with a parameter of type 'string' was found on type '{ preflight: number; authenticating: number; filling: number; uploading: number; submitting: number; verifying: number; }'.
server/services/submissionOrchestrator.ts(1381,38): error TS2339: Property 'error' does not exist on type '{}'.
server/services/submissionService.ts(11,3): error TS2724: '"@shared/schema"' has no exported member named 'SubmissionPipelineRequest'. Did you mean 'submissionPipelines'?
server/services/submissionService.ts(12,3): error TS2724: '"@shared/schema"' has no exported member named 'SubmissionPipelineResult'. Did you mean 'submissionPipelines'?
server/services/submissionService.ts(180,9): error TS2345: Argument of type 'PublicPortal' is not assignable to parameter of type '{ status: string; url: string; id: string; username: string | null; password: string | null; name: string; createdAt: Date; loginRequired: boolean; lastScanned: Date | null; scanFrequency: number; ... 5 more ...; updatedAt: Date; }'.
  Type 'PublicPortal' is missing the following properties from type '{ status: string; url: string; id: string; username: string | null; password: string | null; name: string; createdAt: Date; loginRequired: boolean; lastScanned: Date | null; scanFrequency: number; ... 5 more ...; updatedAt: Date; }': username, password
server/services/submissionService.ts(228,9): error TS2353: Object literal may only specify known properties, and 'priority' does not exist in type '{ message: string; type: string; title: string; relatedEntityType?: string | null | undefined; relatedEntityId?: string | null | undefined; isRead?: boolean | undefined; }'.
server/services/submissionService.ts(329,9): error TS18046: 'error' is of type 'unknown'.
server/services/submissionService.ts(432,9): error TS2353: Object literal may only specify known properties, and 'priority' does not exist in type '{ message: string; type: string; title: string; relatedEntityType?: string | null | undefined; relatedEntityId?: string | null | undefined; isRead?: boolean | undefined; }'.
server/services/submissionService.ts(554,41): error TS2551: Property 'getSubmissionsByDateRange' does not exist on type 'DatabaseStorage'. Did you mean 'getSubmissionsByRFP'?
server/services/submissionService.ts(561,51): error TS7006: Parameter 's' implicitly has an 'any' type.
server/services/submissionService.ts(563,47): error TS7006: Parameter 's' implicitly has an 'any' type.
server/services/submissionService.ts(566,11): error TS7006: Parameter 's' implicitly has an 'any' type.
server/services/submissionService.ts(568,50): error TS7006: Parameter 's' implicitly has an 'any' type.
server/services/submissionService.ts(584,9): error TS7006: Parameter 's' implicitly has an 'any' type.
server/services/submissionService.ts(587,56): error TS7006: Parameter 'sum' implicitly has an 'any' type.
server/services/submissionService.ts(587,61): error TS7006: Parameter 's' implicitly has an 'any' type.
server/services/submissionService.ts(605,11): error TS7053: Element implicitly has an 'any' type because expression of type 'any' can't be used to index type '{}'.
server/services/submissionService.ts(606,14): error TS7053: Element implicitly has an 'any' type because expression of type 'any' can't be used to index type '{}'.
server/services/submissionService.ts(619,16): error TS18046: 'error' is of type 'unknown'.
server/services/submissionService.ts(661,60): error TS18046: 'error' is of type 'unknown'.
server/services/submissionService.ts(691,9): error TS2353: Object literal may only specify known properties, and 'priority' does not exist in type '{ message: string; type: string; title: string; relatedEntityType?: string | null | undefined; relatedEntityId?: string | null | undefined; isRead?: boolean | undefined; }'.
server/services/submissionService.ts(723,74): error TS2554: Expected 1 arguments, but got 2.
